<?xml version="1.0" encoding="UTF-8"?>
<testsuite xmlns:xsi="http://www.w3.org/2001/XMLSchema-instance" xsi:noNamespaceSchemaLocation="https://maven.apache.org/surefire/maven-surefire-plugin/xsd/surefire-test-report.xsd" name="com.springjpa.SpringJpaPostgreSqlApplicationTests" time="4.562" tests="1" errors="1" skipped="0" failures="0">
  <properties>
[...]
</properties>
  <testcase name="contextLoads" classname="com.springjpa.SpringJpaPostgreSqlApplicationTests" time="0.001">
    <error message="Failed to load ApplicationContext" type="java.lang.IllegalStateException">java.lang.IllegalStateException: Failed to load ApplicationContext
Caused by: org.springframework.beans.factory.UnsatisfiedDependencyException: Error creating bean with name 'entityManagerFactory' defined in class path resource [org/springframework/boot/autoconfigure/orm/jpa/HibernateJpaConfiguration.class]: Unsatisfied dependency expressed through method 'entityManagerFactory' parameter 0; nested exception is org.springframework.beans.factory.UnsatisfiedDependencyException: Error creating bean with name 'entityManagerFactoryBuilder' defined in class path resource [org/springframework/boot/autoconfigure/orm/jpa/HibernateJpaConfiguration.class]: Unsatisfied dependency expressed through method 'entityManagerFactoryBuilder' parameter 0; nested exception is org.springframework.beans.factory.BeanCreationException: Error creating bean with name 'jpaVendorAdapter' defined in class path resource [org/springframework/boot/autoconfigure/orm/jpa/HibernateJpaConfiguration.class]: Bean instantiation via factory method failed; nested exception is org.springframework.beans.BeanInstantiationException: Failed to instantiate [org.springframework.orm.jpa.JpaVendorAdapter]: Factory method 'jpaVendorAdapter' threw exception; nested exception is java.lang.reflect.UndeclaredThrowableException
Caused by: org.springframework.beans.factory.UnsatisfiedDependencyException: Error creating bean with name 'entityManagerFactoryBuilder' defined in class path resource [org/springframework/boot/autoconfigure/orm/jpa/HibernateJpaConfiguration.class]: Unsatisfied dependency expressed through method 'entityManagerFactoryBuilder' parameter 0; nested exception is org.springframework.beans.factory.BeanCreationException: Error creating bean with name 'jpaVendorAdapter' defined in class path resource [org/springframework/boot/autoconfigure/orm/jpa/HibernateJpaConfiguration.class]: Bean instantiation via factory method failed; nested exception is org.springframework.beans.BeanInstantiationException: Failed to instantiate [org.springframework.orm.jpa.JpaVendorAdapter]: Factory method 'jpaVendorAdapter' threw exception; nested exception is java.lang.reflect.UndeclaredThrowableException
Caused by: org.springframework.beans.factory.BeanCreationException: Error creating bean with name 'jpaVendorAdapter' defined in class path resource [org/springframework/boot/autoconfigure/orm/jpa/HibernateJpaConfiguration.class]: Bean instantiation via factory method failed; nested exception is org.springframework.beans.BeanInstantiationException: Failed to instantiate [org.springframework.orm.jpa.JpaVendorAdapter]: Factory method 'jpaVendorAdapter' threw exception; nested exception is java.lang.reflect.UndeclaredThrowableException
Caused by: org.springframework.beans.BeanInstantiationException: Failed to instantiate [org.springframework.orm.jpa.JpaVendorAdapter]: Factory method 'jpaVendorAdapter' threw exception; nested exception is java.lang.reflect.UndeclaredThrowableException
Caused by: java.lang.reflect.UndeclaredThrowableException
Caused by: org.postgresql.util.PSQLException: FATAL: password authentication failed for user "postgres"
</error>
    <system-out><![CDATA[14:50:45.323 [main] DEBUG org.springframework.test.context.junit4.SpringJUnit4ClassRunner - SpringJUnit4ClassRunner constructor called with [class com.springjpa.SpringJpaPostgreSqlApplicationTests]
14:50:45.329 [main] DEBUG org.springframework.test.context.BootstrapUtils - Instantiating CacheAwareContextLoaderDelegate from class [org.springframework.test.context.cache.DefaultCacheAwareContextLoaderDelegate]
14:50:45.337 [main] DEBUG org.springframework.test.context.BootstrapUtils - Instantiating BootstrapContext using constructor [public org.springframework.test.context.support.DefaultBootstrapContext(java.lang.Class,org.springframework.test.context.CacheAwareContextLoaderDelegate)]
14:50:45.354 [main] DEBUG org.springframework.test.context.BootstrapUtils - Instantiating TestContextBootstrapper for test class [com.springjpa.SpringJpaPostgreSqlApplicationTests] from class [org.springframework.boot.test.context.SpringBootTestContextBootstrapper]
14:50:45.370 [main] INFO org.springframework.boot.test.context.SpringBootTestContextBootstrapper - Neither @ContextConfiguration nor @ContextHierarchy found for test class [com.springjpa.SpringJpaPostgreSqlApplicationTests], using SpringBootContextLoader
14:50:45.373 [main] DEBUG org.springframework.test.context.support.AbstractContextLoader - Did not detect default resource location for test class [com.springjpa.SpringJpaPostgreSqlApplicationTests]: class path resource [com/springjpa/SpringJpaPostgreSqlApplicationTests-context.xml] does not exist
14:50:45.374 [main] DEBUG org.springframework.test.context.support.AbstractContextLoader - Did not detect default resource location for test class [com.springjpa.SpringJpaPostgreSqlApplicationTests]: class path resource [com/springjpa/SpringJpaPostgreSqlApplicationTestsContext.groovy] does not exist
14:50:45.374 [main] INFO org.springframework.test.context.support.AbstractContextLoader - Could not detect default resource locations for test class [com.springjpa.SpringJpaPostgreSqlApplicationTests]: no resource found for suffixes {-context.xml, Context.groovy}.
14:50:45.375 [main] INFO org.springframework.test.context.support.AnnotationConfigContextLoaderUtils - Could not detect default configuration classes for test class [com.springjpa.SpringJpaPostgreSqlApplicationTests]: SpringJpaPostgreSqlApplicationTests does not declare any static, non-private, non-final, nested classes annotated with @Configuration.
14:50:45.416 [main] DEBUG org.springframework.test.context.support.ActiveProfilesUtils - Could not find an 'annotation declaring class' for annotation type [org.springframework.test.context.ActiveProfiles] and class [com.springjpa.SpringJpaPostgreSqlApplicationTests]
14:50:45.425 [main] DEBUG org.springframework.core.env.StandardEnvironment - Adding PropertySource 'systemProperties' with lowest search precedence
14:50:45.425 [main] DEBUG org.springframework.core.env.StandardEnvironment - Adding PropertySource 'systemEnvironment' with lowest search precedence
14:50:45.426 [main] DEBUG org.springframework.core.env.StandardEnvironment - Initialized StandardEnvironment with PropertySources [MapPropertySource@2141179775 {name='systemProperties', properties={java.runtime.name=OpenJDK Runtime Environment, sun.boot.library.path=/usr/lib/jvm/java-8-openjdk-amd64/jre/lib/amd64, java.vm.version=25.162-b12, java.vm.vendor=Oracle Corporation, java.vendor.url=http://java.oracle.com/, path.separator=:, java.vm.name=OpenJDK 64-Bit Server VM, file.encoding.pkg=sun.io, user.country=US, sun.java.launcher=SUN_STANDARD, sun.os.patch.level=unknown, java.vm.specification.name=Java Virtual Machine Specification, user.dir=/home/jasmina/Documents/NWT-Tim15/TourHostService, java.runtime.version=1.8.0_162-8u162-b12-0ubuntu0.16.04.2-b12, basedir=/home/jasmina/Documents/NWT-Tim15/TourHostService, java.awt.graphicsenv=sun.awt.X11GraphicsEnvironment, java.endorsed.dirs=/usr/lib/jvm/java-8-openjdk-amd64/jre/lib/endorsed, os.arch=amd64, surefire.real.class.path=/home/jasmina/Documents/NWT-Tim15/TourHostService/target/surefire/surefirebooter7065045001226744200.jar, java.io.tmpdir=/tmp, line.separator=
, java.vm.specification.vendor=Oracle Corporation, os.name=Linux, sun.jnu.encoding=UTF-8, java.library.path=/usr/java/packages/lib/amd64:/usr/lib/x86_64-linux-gnu/jni:/lib/x86_64-linux-gnu:/usr/lib/x86_64-linux-gnu:/usr/lib/jni:/lib:/usr/lib, surefire.test.class.path=/home/jasmina/Documents/NWT-Tim15/TourHostService/target/test-classes:/home/jasmina/Documents/NWT-Tim15/TourHostService/target/classes:/home/jasmina/.m2/repository/org/springframework/boot/spring-boot-starter-amqp/2.0.0.RELEASE/spring-boot-starter-amqp-2.0.0.RELEASE.jar:/home/jasmina/.m2/repository/org/springframework/boot/spring-boot-starter/2.0.0.RELEASE/spring-boot-starter-2.0.0.RELEASE.jar:/home/jasmina/.m2/repository/org/springframework/boot/spring-boot/2.0.0.RELEASE/spring-boot-2.0.0.RELEASE.jar:/home/jasmina/.m2/repository/org/springframework/boot/spring-boot-autoconfigure/2.0.0.RELEASE/spring-boot-autoconfigure-2.0.0.RELEASE.jar:/home/jasmina/.m2/repository/org/springframework/boot/spring-boot-starter-logging/2.0.0.RELEASE/spring-boot-starter-logging-2.0.0.RELEASE.jar:/home/jasmina/.m2/repository/ch/qos/logback/logback-classic/1.2.3/logback-classic-1.2.3.jar:/home/jasmina/.m2/repository/ch/qos/logback/logback-core/1.2.3/logback-core-1.2.3.jar:/home/jasmina/.m2/repository/org/apache/logging/log4j/log4j-to-slf4j/2.10.0/log4j-to-slf4j-2.10.0.jar:/home/jasmina/.m2/repository/org/apache/logging/log4j/log4j-api/2.10.0/log4j-api-2.10.0.jar:/home/jasmina/.m2/repository/org/slf4j/jul-to-slf4j/1.7.25/jul-to-slf4j-1.7.25.jar:/home/jasmina/.m2/repository/javax/annotation/javax.annotation-api/1.3.2/javax.annotation-api-1.3.2.jar:/home/jasmina/.m2/repository/org/yaml/snakeyaml/1.19/snakeyaml-1.19.jar:/home/jasmina/.m2/repository/org/springframework/spring-messaging/5.0.4.RELEASE/spring-messaging-5.0.4.RELEASE.jar:/home/jasmina/.m2/repository/org/springframework/spring-beans/5.0.4.RELEASE/spring-beans-5.0.4.RELEASE.jar:/home/jasmina/.m2/repository/org/springframework/boot/spring-boot-starter-data-jpa/2.0.0.RELEASE/spring-boot-starter-data-jpa-2.0.0.RELEASE.jar:/home/jasmina/.m2/repository/org/springframework/boot/spring-boot-starter-aop/2.0.0.RELEASE/spring-boot-starter-aop-2.0.0.RELEASE.jar:/home/jasmina/.m2/repository/org/springframework/spring-aop/5.0.4.RELEASE/spring-aop-5.0.4.RELEASE.jar:/home/jasmina/.m2/repository/org/aspectj/aspectjweaver/1.8.13/aspectjweaver-1.8.13.jar:/home/jasmina/.m2/repository/org/springframework/boot/spring-boot-starter-jdbc/2.0.0.RELEASE/spring-boot-starter-jdbc-2.0.0.RELEASE.jar:/home/jasmina/.m2/repository/com/zaxxer/HikariCP/2.7.8/HikariCP-2.7.8.jar:/home/jasmina/.m2/repository/org/springframework/spring-jdbc/5.0.4.RELEASE/spring-jdbc-5.0.4.RELEASE.jar:/home/jasmina/.m2/repository/org/hibernate/hibernate-core/5.2.14.Final/hibernate-core-5.2.14.Final.jar:/home/jasmina/.m2/repository/org/jboss/logging/jboss-logging/3.3.2.Final/jboss-logging-3.3.2.Final.jar:/home/jasmina/.m2/repository/org/hibernate/javax/persistence/hibernate-jpa-2.1-api/1.0.0.Final/hibernate-jpa-2.1-api-1.0.0.Final.jar:/home/jasmina/.m2/repository/org/javassist/javassist/3.22.0-GA/javassist-3.22.0-GA.jar:/home/jasmina/.m2/repository/antlr/antlr/2.7.7/antlr-2.7.7.jar:/home/jasmina/.m2/repository/org/jboss/jandex/2.0.3.Final/jandex-2.0.3.Final.jar:/home/jasmina/.m2/repository/com/fasterxml/classmate/1.3.4/classmate-1.3.4.jar:/home/jasmina/.m2/repository/dom4j/dom4j/1.6.1/dom4j-1.6.1.jar:/home/jasmina/.m2/repository/org/hibernate/common/hibernate-commons-annotations/5.0.1.Final/hibernate-commons-annotations-5.0.1.Final.jar:/home/jasmina/.m2/repository/javax/transaction/javax.transaction-api/1.2/javax.transaction-api-1.2.jar:/home/jasmina/.m2/repository/org/springframework/data/spring-data-jpa/2.0.5.RELEASE/spring-data-jpa-2.0.5.RELEASE.jar:/home/jasmina/.m2/repository/org/springframework/data/spring-data-commons/2.0.5.RELEASE/spring-data-commons-2.0.5.RELEASE.jar:/home/jasmina/.m2/repository/org/springframework/spring-orm/5.0.4.RELEASE/spring-orm-5.0.4.RELEASE.jar:/home/jasmina/.m2/repository/org/slf4j/slf4j-api/1.7.25/slf4j-api-1.7.25.jar:/home/jasmina/.m2/repository/org/springframework/spring-aspects/5.0.4.RELEASE/spring-aspects-5.0.4.RELEASE.jar:/home/jasmina/.m2/repository/org/springframework/boot/spring-boot-starter-data-rest/2.0.0.RELEASE/spring-boot-starter-data-rest-2.0.0.RELEASE.jar:/home/jasmina/.m2/repository/org/springframework/boot/spring-boot-starter-json/2.0.0.RELEASE/spring-boot-starter-json-2.0.0.RELEASE.jar:/home/jasmina/.m2/repository/com/fasterxml/jackson/core/jackson-databind/2.9.3/jackson-databind-2.9.3.jar:/home/jasmina/.m2/repository/com/fasterxml/jackson/datatype/jackson-datatype-jdk8/2.9.3/jackson-datatype-jdk8-2.9.3.jar:/home/jasmina/.m2/repository/com/fasterxml/jackson/datatype/jackson-datatype-jsr310/2.9.3/jackson-datatype-jsr310-2.9.3.jar:/home/jasmina/.m2/repository/com/fasterxml/jackson/module/jackson-module-parameter-names/2.9.3/jackson-module-parameter-names-2.9.3.jar:/home/jasmina/.m2/repository/org/springframework/data/spring-data-rest-webmvc/3.0.5.RELEASE/spring-data-rest-webmvc-3.0.5.RELEASE.jar:/home/jasmina/.m2/repository/org/springframework/data/spring-data-rest-core/3.0.5.RELEASE/spring-data-rest-core-3.0.5.RELEASE.jar:/home/jasmina/.m2/repository/org/springframework/hateoas/spring-hateoas/0.24.0.RELEASE/spring-hateoas-0.24.0.RELEASE.jar:/home/jasmina/.m2/repository/org/springframework/plugin/spring-plugin-core/1.2.0.RELEASE/spring-plugin-core-1.2.0.RELEASE.jar:/home/jasmina/.m2/repository/org/atteo/evo-inflector/1.2.2/evo-inflector-1.2.2.jar:/home/jasmina/.m2/repository/com/fasterxml/jackson/core/jackson-annotations/2.9.0/jackson-annotations-2.9.0.jar:/home/jasmina/.m2/repository/org/springframework/boot/spring-boot-starter-web/2.0.0.RELEASE/spring-boot-starter-web-2.0.0.RELEASE.jar:/home/jasmina/.m2/repository/org/springframework/boot/spring-boot-starter-tomcat/2.0.0.RELEASE/spring-boot-starter-tomcat-2.0.0.RELEASE.jar:/home/jasmina/.m2/repository/org/apache/tomcat/embed/tomcat-embed-core/8.5.28/tomcat-embed-core-8.5.28.jar:/home/jasmina/.m2/repository/org/apache/tomcat/embed/tomcat-embed-el/8.5.28/tomcat-embed-el-8.5.28.jar:/home/jasmina/.m2/repository/org/apache/tomcat/embed/tomcat-embed-websocket/8.5.28/tomcat-embed-websocket-8.5.28.jar:/home/jasmina/.m2/repository/org/hibernate/validator/hibernate-validator/6.0.7.Final/hibernate-validator-6.0.7.Final.jar:/home/jasmina/.m2/repository/javax/validation/validation-api/2.0.1.Final/validation-api-2.0.1.Final.jar:/home/jasmina/.m2/repository/org/springframework/spring-web/5.0.4.RELEASE/spring-web-5.0.4.RELEASE.jar:/home/jasmina/.m2/repository/org/springframework/spring-webmvc/5.0.4.RELEASE/spring-webmvc-5.0.4.RELEASE.jar:/home/jasmina/.m2/repository/org/springframework/spring-expression/5.0.4.RELEASE/spring-expression-5.0.4.RELEASE.jar:/home/jasmina/.m2/repository/org/springframework/boot/spring-boot-starter-web-services/2.0.0.RELEASE/spring-boot-starter-web-services-2.0.0.RELEASE.jar:/home/jasmina/.m2/repository/org/springframework/spring-oxm/5.0.4.RELEASE/spring-oxm-5.0.4.RELEASE.jar:/home/jasmina/.m2/repository/org/springframework/ws/spring-ws-core/3.0.0.RELEASE/spring-ws-core-3.0.0.RELEASE.jar:/home/jasmina/.m2/repository/org/springframework/ws/spring-xml/3.0.0.RELEASE/spring-xml-3.0.0.RELEASE.jar:/home/jasmina/.m2/repository/commons-io/commons-io/2.5/commons-io-2.5.jar:/home/jasmina/.m2/repository/org/springframework/cloud/spring-cloud-starter-netflix-eureka-client/2.0.0.M7/spring-cloud-starter-netflix-eureka-client-2.0.0.M7.jar:/home/jasmina/.m2/repository/org/springframework/cloud/spring-cloud-starter/2.0.0.M8/spring-cloud-starter-2.0.0.M8.jar:/home/jasmina/.m2/repository/org/springframework/cloud/spring-cloud-context/2.0.0.M8/spring-cloud-context-2.0.0.M8.jar:/home/jasmina/.m2/repository/org/springframework/security/spring-security-crypto/5.0.3.RELEASE/spring-security-crypto-5.0.3.RELEASE.jar:/home/jasmina/.m2/repository/org/springframework/cloud/spring-cloud-commons/2.0.0.M8/spring-cloud-commons-2.0.0.M8.jar:/home/jasmina/.m2/repository/org/springframework/security/spring-security-rsa/1.0.5.RELEASE/spring-security-rsa-1.0.5.RELEASE.jar:/home/jasmina/.m2/repository/org/bouncycastle/bcpkix-jdk15on/1.56/bcpkix-jdk15on-1.56.jar:/home/jasmina/.m2/repository/org/bouncycastle/bcprov-jdk15on/1.56/bcprov-jdk15on-1.56.jar:/home/jasmina/.m2/repository/org/springframework/cloud/spring-cloud-netflix-core/2.0.0.M7/spring-cloud-netflix-core-2.0.0.M7.jar:/home/jasmina/.m2/repository/org/springframework/cloud/spring-cloud-netflix-ribbon/2.0.0.M7/spring-cloud-netflix-ribbon-2.0.0.M7.jar:/home/jasmina/.m2/repository/org/springframework/cloud/spring-cloud-netflix-eureka-client/2.0.0.M7/spring-cloud-netflix-eureka-client-2.0.0.M7.jar:/home/jasmina/.m2/repository/com/netflix/eureka/eureka-client/1.8.6/eureka-client-1.8.6.jar:/home/jasmina/.m2/repository/org/codehaus/jettison/jettison/1.3.7/jettison-1.3.7.jar:/home/jasmina/.m2/repository/stax/stax-api/1.0.1/stax-api-1.0.1.jar:/home/jasmina/.m2/repository/com/netflix/netflix-commons/netflix-eventbus/0.3.0/netflix-eventbus-0.3.0.jar:/home/jasmina/.m2/repository/com/netflix/netflix-commons/netflix-infix/0.3.0/netflix-infix-0.3.0.jar:/home/jasmina/.m2/repository/commons-jxpath/commons-jxpath/1.3/commons-jxpath-1.3.jar:/home/jasmina/.m2/repository/joda-time/joda-time/2.9.9/joda-time-2.9.9.jar:/home/jasmina/.m2/repository/org/antlr/antlr-runtime/3.4/antlr-runtime-3.4.jar:/home/jasmina/.m2/repository/org/antlr/stringtemplate/3.2.1/stringtemplate-3.2.1.jar:/home/jasmina/.m2/repository/com/google/code/gson/gson/2.8.2/gson-2.8.2.jar:/home/jasmina/.m2/repository/org/apache/commons/commons-math/2.2/commons-math-2.2.jar:/home/jasmina/.m2/repository/com/netflix/archaius/archaius-core/0.7.5/archaius-core-0.7.5.jar:/home/jasmina/.m2/repository/javax/ws/rs/jsr311-api/1.1.1/jsr311-api-1.1.1.jar:/home/jasmina/.m2/repository/com/netflix/servo/servo-core/0.10.1/servo-core-0.10.1.jar:/home/jasmina/.m2/repository/com/netflix/servo/servo-internal/0.10.1/servo-internal-0.10.1.jar:/home/jasmina/.m2/repository/com/sun/jersey/jersey-core/1.19.1/jersey-core-1.19.1.jar:/home/jasmina/.m2/repository/com/sun/jersey/jersey-client/1.19.1/jersey-client-1.19.1.jar:/home/jasmina/.m2/repository/com/sun/jersey/contribs/jersey-apache-client4/1.19.1/jersey-apache-client4-1.19.1.jar:/home/jasmina/.m2/repository/org/apache/httpcomponents/httpclient/4.5.5/httpclient-4.5.5.jar:/home/jasmina/.m2/repository/org/apache/httpcomponents/httpcore/4.4.9/httpcore-4.4.9.jar:/home/jasmina/.m2/repository/commons-codec/commons-codec/1.11/commons-codec-1.11.jar:/home/jasmina/.m2/repository/com/google/inject/guice/4.1.0/guice-4.1.0.jar:/home/jasmina/.m2/repository/aopalliance/aopalliance/1.0/aopalliance-1.0.jar:/home/jasmina/.m2/repository/com/github/vlsi/compactmap/compactmap/1.2.1/compactmap-1.2.1.jar:/home/jasmina/.m2/repository/com/github/andrewoma/dexx/dexx-collections/0.2/dexx-collections-0.2.jar:/home/jasmina/.m2/repository/com/fasterxml/jackson/core/jackson-core/2.9.3/jackson-core-2.9.3.jar:/home/jasmina/.m2/repository/com/netflix/eureka/eureka-core/1.8.6/eureka-core-1.8.6.jar:/home/jasmina/.m2/repository/org/codehaus/woodstox/woodstox-core-asl/4.4.1/woodstox-core-asl-4.4.1.jar:/home/jasmina/.m2/repository/javax/xml/stream/stax-api/1.0-2/stax-api-1.0-2.jar:/home/jasmina/.m2/repository/org/codehaus/woodstox/stax2-api/3.1.4/stax2-api-3.1.4.jar:/home/jasmina/.m2/repository/org/springframework/cloud/spring-cloud-starter-netflix-archaius/2.0.0.M7/spring-cloud-starter-netflix-archaius-2.0.0.M7.jar:/home/jasmina/.m2/repository/org/springframework/cloud/spring-cloud-netflix-archaius/2.0.0.M7/spring-cloud-netflix-archaius-2.0.0.M7.jar:/home/jasmina/.m2/repository/commons-configuration/commons-configuration/1.8/commons-configuration-1.8.jar:/home/jasmina/.m2/repository/commons-lang/commons-lang/2.6/commons-lang-2.6.jar:/home/jasmina/.m2/repository/com/google/guava/guava/18.0/guava-18.0.jar:/home/jasmina/.m2/repository/org/springframework/cloud/spring-cloud-starter-netflix-ribbon/2.0.0.M7/spring-cloud-starter-netflix-ribbon-2.0.0.M7.jar:/home/jasmina/.m2/repository/com/netflix/ribbon/ribbon/2.2.4/ribbon-2.2.4.jar:/home/jasmina/.m2/repository/com/netflix/ribbon/ribbon-transport/2.2.4/ribbon-transport-2.2.4.jar:/home/jasmina/.m2/repository/io/reactivex/rxnetty-contexts/0.4.9/rxnetty-contexts-0.4.9.jar:/home/jasmina/.m2/repository/io/reactivex/rxnetty-servo/0.4.9/rxnetty-servo-0.4.9.jar:/home/jasmina/.m2/repository/com/netflix/hystrix/hystrix-core/1.5.12/hystrix-core-1.5.12.jar:/home/jasmina/.m2/repository/org/hdrhistogram/HdrHistogram/2.1.9/HdrHistogram-2.1.9.jar:/home/jasmina/.m2/repository/io/reactivex/rxnetty/0.4.9/rxnetty-0.4.9.jar:/home/jasmina/.m2/repository/io/netty/netty-codec-http/4.1.22.Final/netty-codec-http-4.1.22.Final.jar:/home/jasmina/.m2/repository/io/netty/netty-codec/4.1.22.Final/netty-codec-4.1.22.Final.jar:/home/jasmina/.m2/repository/io/netty/netty-transport-native-epoll/4.1.22.Final/netty-transport-native-epoll-4.1.22.Final.jar:/home/jasmina/.m2/repository/io/netty/netty-common/4.1.22.Final/netty-common-4.1.22.Final.jar:/home/jasmina/.m2/repository/io/netty/netty-buffer/4.1.22.Final/netty-buffer-4.1.22.Final.jar:/home/jasmina/.m2/repository/io/netty/netty-transport-native-unix-common/4.1.22.Final/netty-transport-native-unix-common-4.1.22.Final.jar:/home/jasmina/.m2/repository/io/netty/netty-transport/4.1.22.Final/netty-transport-4.1.22.Final.jar:/home/jasmina/.m2/repository/io/netty/netty-resolver/4.1.22.Final/netty-resolver-4.1.22.Final.jar:/home/jasmina/.m2/repository/com/netflix/ribbon/ribbon-core/2.2.4/ribbon-core-2.2.4.jar:/home/jasmina/.m2/repository/com/netflix/ribbon/ribbon-httpclient/2.2.4/ribbon-httpclient-2.2.4.jar:/home/jasmina/.m2/repository/commons-collections/commons-collections/3.2.2/commons-collections-3.2.2.jar:/home/jasmina/.m2/repository/com/netflix/netflix-commons/netflix-commons-util/0.1.1/netflix-commons-util-0.1.1.jar:/home/jasmina/.m2/repository/com/netflix/ribbon/ribbon-loadbalancer/2.2.4/ribbon-loadbalancer-2.2.4.jar:/home/jasmina/.m2/repository/com/netflix/netflix-commons/netflix-statistics/0.1.1/netflix-statistics-0.1.1.jar:/home/jasmina/.m2/repository/io/reactivex/rxjava/1.3.6/rxjava-1.3.6.jar:/home/jasmina/.m2/repository/com/netflix/ribbon/ribbon-eureka/2.2.4/ribbon-eureka-2.2.4.jar:/home/jasmina/.m2/repository/com/thoughtworks/xstream/xstream/1.4.9/xstream-1.4.9.jar:/home/jasmina/.m2/repository/xmlpull/xmlpull/1.1.3.1/xmlpull-1.1.3.1.jar:/home/jasmina/.m2/repository/xpp3/xpp3_min/1.1.4c/xpp3_min-1.1.4c.jar:/home/jasmina/.m2/repository/org/springframework/cloud/spring-cloud-starter-netflix-eureka-server/2.0.0.M7/spring-cloud-starter-netflix-eureka-server-2.0.0.M7.jar:/home/jasmina/.m2/repository/org/springframework/cloud/spring-cloud-netflix-eureka-server/2.0.0.M7/spring-cloud-netflix-eureka-server-2.0.0.M7.jar:/home/jasmina/.m2/repository/org/springframework/boot/spring-boot-starter-actuator/2.0.0.RELEASE/spring-boot-starter-actuator-2.0.0.RELEASE.jar:/home/jasmina/.m2/repository/org/springframework/boot/spring-boot-actuator-autoconfigure/2.0.0.RELEASE/spring-boot-actuator-autoconfigure-2.0.0.RELEASE.jar:/home/jasmina/.m2/repository/org/springframework/boot/spring-boot-actuator/2.0.0.RELEASE/spring-boot-actuator-2.0.0.RELEASE.jar:/home/jasmina/.m2/repository/io/micrometer/micrometer-core/1.0.1/micrometer-core-1.0.1.jar:/home/jasmina/.m2/repository/org/latencyutils/LatencyUtils/2.0.3/LatencyUtils-2.0.3.jar:/home/jasmina/.m2/repository/org/springframework/boot/spring-boot-starter-freemarker/2.0.0.RELEASE/spring-boot-starter-freemarker-2.0.0.RELEASE.jar:/home/jasmina/.m2/repository/org/freemarker/freemarker/2.3.27-incubating/freemarker-2.3.27-incubating.jar:/home/jasmina/.m2/repository/org/springframework/spring-context-support/5.0.4.RELEASE/spring-context-support-5.0.4.RELEASE.jar:/home/jasmina/.m2/repository/com/sun/jersey/jersey-servlet/1.19.1/jersey-servlet-1.19.1.jar:/home/jasmina/.m2/repository/com/sun/jersey/jersey-server/1.19.1/jersey-server-1.19.1.jar:/home/jasmina/.m2/repository/javax/inject/javax.inject/1/javax.inject-1.jar:/home/jasmina/.m2/repository/com/fasterxml/jackson/dataformat/jackson-dataformat-xml/2.9.3/jackson-dataformat-xml-2.9.3.jar:/home/jasmina/.m2/repository/com/fasterxml/jackson/module/jackson-module-jaxb-annotations/2.9.3/jackson-module-jaxb-annotations-2.9.3.jar:/home/jasmina/.m2/repository/com/fasterxml/woodstox/woodstox-core/5.0.3/woodstox-core-5.0.3.jar:/home/jasmina/.m2/repository/org/postgresql/postgresql/42.2.1/postgresql-42.2.1.jar:/home/jasmina/.m2/repository/org/springframework/boot/spring-boot-starter-test/2.0.0.RELEASE/spring-boot-starter-test-2.0.0.RELEASE.jar:/home/jasmina/.m2/repository/org/springframework/boot/spring-boot-test/2.0.0.RELEASE/spring-boot-test-2.0.0.RELEASE.jar:/home/jasmina/.m2/repository/org/springframework/boot/spring-boot-test-autoconfigure/2.0.0.RELEASE/spring-boot-test-autoconfigure-2.0.0.RELEASE.jar:/home/jasmina/.m2/repository/com/jayway/jsonpath/json-path/2.4.0/json-path-2.4.0.jar:/home/jasmina/.m2/repository/net/minidev/json-smart/2.3/json-smart-2.3.jar:/home/jasmina/.m2/repository/net/minidev/accessors-smart/1.2/accessors-smart-1.2.jar:/home/jasmina/.m2/repository/org/ow2/asm/asm/5.0.4/asm-5.0.4.jar:/home/jasmina/.m2/repository/junit/junit/4.12/junit-4.12.jar:/home/jasmina/.m2/repository/org/assertj/assertj-core/3.9.1/assertj-core-3.9.1.jar:/home/jasmina/.m2/repository/org/mockito/mockito-core/2.15.0/mockito-core-2.15.0.jar:/home/jasmina/.m2/repository/net/bytebuddy/byte-buddy/1.7.10/byte-buddy-1.7.10.jar:/home/jasmina/.m2/repository/net/bytebuddy/byte-buddy-agent/1.7.10/byte-buddy-agent-1.7.10.jar:/home/jasmina/.m2/repository/org/objenesis/objenesis/2.6/objenesis-2.6.jar:/home/jasmina/.m2/repository/org/hamcrest/hamcrest-core/1.3/hamcrest-core-1.3.jar:/home/jasmina/.m2/repository/org/hamcrest/hamcrest-library/1.3/hamcrest-library-1.3.jar:/home/jasmina/.m2/repository/org/skyscreamer/jsonassert/1.5.0/jsonassert-1.5.0.jar:/home/jasmina/.m2/repository/com/vaadin/external/google/android-json/0.0.20131108.vaadin1/android-json-0.0.20131108.vaadin1.jar:/home/jasmina/.m2/repository/org/springframework/spring-core/5.0.4.RELEASE/spring-core-5.0.4.RELEASE.jar:/home/jasmina/.m2/repository/org/springframework/spring-jcl/5.0.4.RELEASE/spring-jcl-5.0.4.RELEASE.jar:/home/jasmina/.m2/repository/org/springframework/spring-test/5.0.4.RELEASE/spring-test-5.0.4.RELEASE.jar:/home/jasmina/.m2/repository/org/xmlunit/xmlunit-core/2.5.1/xmlunit-core-2.5.1.jar:/home/jasmina/.m2/repository/org/springframework/amqp/spring-rabbit/2.0.2.RELEASE/spring-rabbit-2.0.2.RELEASE.jar:/home/jasmina/.m2/repository/com/rabbitmq/amqp-client/5.1.2/amqp-client-5.1.2.jar:/home/jasmina/.m2/repository/com/rabbitmq/http-client/1.3.1.RELEASE/http-client-1.3.1.RELEASE.jar:/home/jasmina/.m2/repository/org/springframework/spring-context/5.0.4.RELEASE/spring-context-5.0.4.RELEASE.jar:/home/jasmina/.m2/repository/org/springframework/spring-tx/5.0.4.RELEASE/spring-tx-5.0.4.RELEASE.jar:/home/jasmina/.m2/repository/org/springframework/retry/spring-retry/1.2.2.RELEASE/spring-retry-1.2.2.RELEASE.jar:/home/jasmina/.m2/repository/org/springframework/amqp/spring-amqp/2.0.2.RELEASE/spring-amqp-2.0.2.RELEASE.jar:, java.specification.name=Java Platform API Specification, java.class.version=52.0, sun.management.compiler=HotSpot 64-Bit Tiered Compilers, os.version=4.4.0-119-generic, user.home=/home/jasmina, user.timezone=Europe/Sarajevo, java.awt.printerjob=sun.print.PSPrinterJob, file.encoding=UTF-8, java.specification.version=1.8, java.class.path=/home/jasmina/Documents/NWT-Tim15/TourHostService/target/test-classes:/home/jasmina/Documents/NWT-Tim15/TourHostService/target/classes:/home/jasmina/.m2/repository/org/springframework/boot/spring-boot-starter-amqp/2.0.0.RELEASE/spring-boot-starter-amqp-2.0.0.RELEASE.jar:/home/jasmina/.m2/repository/org/springframework/boot/spring-boot-starter/2.0.0.RELEASE/spring-boot-starter-2.0.0.RELEASE.jar:/home/jasmina/.m2/repository/org/springframework/boot/spring-boot/2.0.0.RELEASE/spring-boot-2.0.0.RELEASE.jar:/home/jasmina/.m2/repository/org/springframework/boot/spring-boot-autoconfigure/2.0.0.RELEASE/spring-boot-autoconfigure-2.0.0.RELEASE.jar:/home/jasmina/.m2/repository/org/springframework/boot/spring-boot-starter-logging/2.0.0.RELEASE/spring-boot-starter-logging-2.0.0.RELEASE.jar:/home/jasmina/.m2/repository/ch/qos/logback/logback-classic/1.2.3/logback-classic-1.2.3.jar:/home/jasmina/.m2/repository/ch/qos/logback/logback-core/1.2.3/logback-core-1.2.3.jar:/home/jasmina/.m2/repository/org/apache/logging/log4j/log4j-to-slf4j/2.10.0/log4j-to-slf4j-2.10.0.jar:/home/jasmina/.m2/repository/org/apache/logging/log4j/log4j-api/2.10.0/log4j-api-2.10.0.jar:/home/jasmina/.m2/repository/org/slf4j/jul-to-slf4j/1.7.25/jul-to-slf4j-1.7.25.jar:/home/jasmina/.m2/repository/javax/annotation/javax.annotation-api/1.3.2/javax.annotation-api-1.3.2.jar:/home/jasmina/.m2/repository/org/yaml/snakeyaml/1.19/snakeyaml-1.19.jar:/home/jasmina/.m2/repository/org/springframework/spring-messaging/5.0.4.RELEASE/spring-messaging-5.0.4.RELEASE.jar:/home/jasmina/.m2/repository/org/springframework/spring-beans/5.0.4.RELEASE/spring-beans-5.0.4.RELEASE.jar:/home/jasmina/.m2/repository/org/springframework/boot/spring-boot-starter-data-jpa/2.0.0.RELEASE/spring-boot-starter-data-jpa-2.0.0.RELEASE.jar:/home/jasmina/.m2/repository/org/springframework/boot/spring-boot-starter-aop/2.0.0.RELEASE/spring-boot-starter-aop-2.0.0.RELEASE.jar:/home/jasmina/.m2/repository/org/springframework/spring-aop/5.0.4.RELEASE/spring-aop-5.0.4.RELEASE.jar:/home/jasmina/.m2/repository/org/aspectj/aspectjweaver/1.8.13/aspectjweaver-1.8.13.jar:/home/jasmina/.m2/repository/org/springframework/boot/spring-boot-starter-jdbc/2.0.0.RELEASE/spring-boot-starter-jdbc-2.0.0.RELEASE.jar:/home/jasmina/.m2/repository/com/zaxxer/HikariCP/2.7.8/HikariCP-2.7.8.jar:/home/jasmina/.m2/repository/org/springframework/spring-jdbc/5.0.4.RELEASE/spring-jdbc-5.0.4.RELEASE.jar:/home/jasmina/.m2/repository/org/hibernate/hibernate-core/5.2.14.Final/hibernate-core-5.2.14.Final.jar:/home/jasmina/.m2/repository/org/jboss/logging/jboss-logging/3.3.2.Final/jboss-logging-3.3.2.Final.jar:/home/jasmina/.m2/repository/org/hibernate/javax/persistence/hibernate-jpa-2.1-api/1.0.0.Final/hibernate-jpa-2.1-api-1.0.0.Final.jar:/home/jasmina/.m2/repository/org/javassist/javassist/3.22.0-GA/javassist-3.22.0-GA.jar:/home/jasmina/.m2/repository/antlr/antlr/2.7.7/antlr-2.7.7.jar:/home/jasmina/.m2/repository/org/jboss/jandex/2.0.3.Final/jandex-2.0.3.Final.jar:/home/jasmina/.m2/repository/com/fasterxml/classmate/1.3.4/classmate-1.3.4.jar:/home/jasmina/.m2/repository/dom4j/dom4j/1.6.1/dom4j-1.6.1.jar:/home/jasmina/.m2/repository/org/hibernate/common/hibernate-commons-annotations/5.0.1.Final/hibernate-commons-annotations-5.0.1.Final.jar:/home/jasmina/.m2/repository/javax/transaction/javax.transaction-api/1.2/javax.transaction-api-1.2.jar:/home/jasmina/.m2/repository/org/springframework/data/spring-data-jpa/2.0.5.RELEASE/spring-data-jpa-2.0.5.RELEASE.jar:/home/jasmina/.m2/repository/org/springframework/data/spring-data-commons/2.0.5.RELEASE/spring-data-commons-2.0.5.RELEASE.jar:/home/jasmina/.m2/repository/org/springframework/spring-orm/5.0.4.RELEASE/spring-orm-5.0.4.RELEASE.jar:/home/jasmina/.m2/repository/org/slf4j/slf4j-api/1.7.25/slf4j-api-1.7.25.jar:/home/jasmina/.m2/repository/org/springframework/spring-aspects/5.0.4.RELEASE/spring-aspects-5.0.4.RELEASE.jar:/home/jasmina/.m2/repository/org/springframework/boot/spring-boot-starter-data-rest/2.0.0.RELEASE/spring-boot-starter-data-rest-2.0.0.RELEASE.jar:/home/jasmina/.m2/repository/org/springframework/boot/spring-boot-starter-json/2.0.0.RELEASE/spring-boot-starter-json-2.0.0.RELEASE.jar:/home/jasmina/.m2/repository/com/fasterxml/jackson/core/jackson-databind/2.9.3/jackson-databind-2.9.3.jar:/home/jasmina/.m2/repository/com/fasterxml/jackson/datatype/jackson-datatype-jdk8/2.9.3/jackson-datatype-jdk8-2.9.3.jar:/home/jasmina/.m2/repository/com/fasterxml/jackson/datatype/jackson-datatype-jsr310/2.9.3/jackson-datatype-jsr310-2.9.3.jar:/home/jasmina/.m2/repository/com/fasterxml/jackson/module/jackson-module-parameter-names/2.9.3/jackson-module-parameter-names-2.9.3.jar:/home/jasmina/.m2/repository/org/springframework/data/spring-data-rest-webmvc/3.0.5.RELEASE/spring-data-rest-webmvc-3.0.5.RELEASE.jar:/home/jasmina/.m2/repository/org/springframework/data/spring-data-rest-core/3.0.5.RELEASE/spring-data-rest-core-3.0.5.RELEASE.jar:/home/jasmina/.m2/repository/org/springframework/hateoas/spring-hateoas/0.24.0.RELEASE/spring-hateoas-0.24.0.RELEASE.jar:/home/jasmina/.m2/repository/org/springframework/plugin/spring-plugin-core/1.2.0.RELEASE/spring-plugin-core-1.2.0.RELEASE.jar:/home/jasmina/.m2/repository/org/atteo/evo-inflector/1.2.2/evo-inflector-1.2.2.jar:/home/jasmina/.m2/repository/com/fasterxml/jackson/core/jackson-annotations/2.9.0/jackson-annotations-2.9.0.jar:/home/jasmina/.m2/repository/org/springframework/boot/spring-boot-starter-web/2.0.0.RELEASE/spring-boot-starter-web-2.0.0.RELEASE.jar:/home/jasmina/.m2/repository/org/springframework/boot/spring-boot-starter-tomcat/2.0.0.RELEASE/spring-boot-starter-tomcat-2.0.0.RELEASE.jar:/home/jasmina/.m2/repository/org/apache/tomcat/embed/tomcat-embed-core/8.5.28/tomcat-embed-core-8.5.28.jar:/home/jasmina/.m2/repository/org/apache/tomcat/embed/tomcat-embed-el/8.5.28/tomcat-embed-el-8.5.28.jar:/home/jasmina/.m2/repository/org/apache/tomcat/embed/tomcat-embed-websocket/8.5.28/tomcat-embed-websocket-8.5.28.jar:/home/jasmina/.m2/repository/org/hibernate/validator/hibernate-validator/6.0.7.Final/hibernate-validator-6.0.7.Final.jar:/home/jasmina/.m2/repository/javax/validation/validation-api/2.0.1.Final/validation-api-2.0.1.Final.jar:/home/jasmina/.m2/repository/org/springframework/spring-web/5.0.4.RELEASE/spring-web-5.0.4.RELEASE.jar:/home/jasmina/.m2/repository/org/springframework/spring-webmvc/5.0.4.RELEASE/spring-webmvc-5.0.4.RELEASE.jar:/home/jasmina/.m2/repository/org/springframework/spring-expression/5.0.4.RELEASE/spring-expression-5.0.4.RELEASE.jar:/home/jasmina/.m2/repository/org/springframework/boot/spring-boot-starter-web-services/2.0.0.RELEASE/spring-boot-starter-web-services-2.0.0.RELEASE.jar:/home/jasmina/.m2/repository/org/springframework/spring-oxm/5.0.4.RELEASE/spring-oxm-5.0.4.RELEASE.jar:/home/jasmina/.m2/repository/org/springframework/ws/spring-ws-core/3.0.0.RELEASE/spring-ws-core-3.0.0.RELEASE.jar:/home/jasmina/.m2/repository/org/springframework/ws/spring-xml/3.0.0.RELEASE/spring-xml-3.0.0.RELEASE.jar:/home/jasmina/.m2/repository/commons-io/commons-io/2.5/commons-io-2.5.jar:/home/jasmina/.m2/repository/org/springframework/cloud/spring-cloud-starter-netflix-eureka-client/2.0.0.M7/spring-cloud-starter-netflix-eureka-client-2.0.0.M7.jar:/home/jasmina/.m2/repository/org/springframework/cloud/spring-cloud-starter/2.0.0.M8/spring-cloud-starter-2.0.0.M8.jar:/home/jasmina/.m2/repository/org/springframework/cloud/spring-cloud-context/2.0.0.M8/spring-cloud-context-2.0.0.M8.jar:/home/jasmina/.m2/repository/org/springframework/security/spring-security-crypto/5.0.3.RELEASE/spring-security-crypto-5.0.3.RELEASE.jar:/home/jasmina/.m2/repository/org/springframework/cloud/spring-cloud-commons/2.0.0.M8/spring-cloud-commons-2.0.0.M8.jar:/home/jasmina/.m2/repository/org/springframework/security/spring-security-rsa/1.0.5.RELEASE/spring-security-rsa-1.0.5.RELEASE.jar:/home/jasmina/.m2/repository/org/bouncycastle/bcpkix-jdk15on/1.56/bcpkix-jdk15on-1.56.jar:/home/jasmina/.m2/repository/org/bouncycastle/bcprov-jdk15on/1.56/bcprov-jdk15on-1.56.jar:/home/jasmina/.m2/repository/org/springframework/cloud/spring-cloud-netflix-core/2.0.0.M7/spring-cloud-netflix-core-2.0.0.M7.jar:/home/jasmina/.m2/repository/org/springframework/cloud/spring-cloud-netflix-ribbon/2.0.0.M7/spring-cloud-netflix-ribbon-2.0.0.M7.jar:/home/jasmina/.m2/repository/org/springframework/cloud/spring-cloud-netflix-eureka-client/2.0.0.M7/spring-cloud-netflix-eureka-client-2.0.0.M7.jar:/home/jasmina/.m2/repository/com/netflix/eureka/eureka-client/1.8.6/eureka-client-1.8.6.jar:/home/jasmina/.m2/repository/org/codehaus/jettison/jettison/1.3.7/jettison-1.3.7.jar:/home/jasmina/.m2/repository/stax/stax-api/1.0.1/stax-api-1.0.1.jar:/home/jasmina/.m2/repository/com/netflix/netflix-commons/netflix-eventbus/0.3.0/netflix-eventbus-0.3.0.jar:/home/jasmina/.m2/repository/com/netflix/netflix-commons/netflix-infix/0.3.0/netflix-infix-0.3.0.jar:/home/jasmina/.m2/repository/commons-jxpath/commons-jxpath/1.3/commons-jxpath-1.3.jar:/home/jasmina/.m2/repository/joda-time/joda-time/2.9.9/joda-time-2.9.9.jar:/home/jasmina/.m2/repository/org/antlr/antlr-runtime/3.4/antlr-runtime-3.4.jar:/home/jasmina/.m2/repository/org/antlr/stringtemplate/3.2.1/stringtemplate-3.2.1.jar:/home/jasmina/.m2/repository/com/google/code/gson/gson/2.8.2/gson-2.8.2.jar:/home/jasmina/.m2/repository/org/apache/commons/commons-math/2.2/commons-math-2.2.jar:/home/jasmina/.m2/repository/com/netflix/archaius/archaius-core/0.7.5/archaius-core-0.7.5.jar:/home/jasmina/.m2/repository/javax/ws/rs/jsr311-api/1.1.1/jsr311-api-1.1.1.jar:/home/jasmina/.m2/repository/com/netflix/servo/servo-core/0.10.1/servo-core-0.10.1.jar:/home/jasmina/.m2/repository/com/netflix/servo/servo-internal/0.10.1/servo-internal-0.10.1.jar:/home/jasmina/.m2/repository/com/sun/jersey/jersey-core/1.19.1/jersey-core-1.19.1.jar:/home/jasmina/.m2/repository/com/sun/jersey/jersey-client/1.19.1/jersey-client-1.19.1.jar:/home/jasmina/.m2/repository/com/sun/jersey/contribs/jersey-apache-client4/1.19.1/jersey-apache-client4-1.19.1.jar:/home/jasmina/.m2/repository/org/apache/httpcomponents/httpclient/4.5.5/httpclient-4.5.5.jar:/home/jasmina/.m2/repository/org/apache/httpcomponents/httpcore/4.4.9/httpcore-4.4.9.jar:/home/jasmina/.m2/repository/commons-codec/commons-codec/1.11/commons-codec-1.11.jar:/home/jasmina/.m2/repository/com/google/inject/guice/4.1.0/guice-4.1.0.jar:/home/jasmina/.m2/repository/aopalliance/aopalliance/1.0/aopalliance-1.0.jar:/home/jasmina/.m2/repository/com/github/vlsi/compactmap/compactmap/1.2.1/compactmap-1.2.1.jar:/home/jasmina/.m2/repository/com/github/andrewoma/dexx/dexx-collections/0.2/dexx-collections-0.2.jar:/home/jasmina/.m2/repository/com/fasterxml/jackson/core/jackson-core/2.9.3/jackson-core-2.9.3.jar:/home/jasmina/.m2/repository/com/netflix/eureka/eureka-core/1.8.6/eureka-core-1.8.6.jar:/home/jasmina/.m2/repository/org/codehaus/woodstox/woodstox-core-asl/4.4.1/woodstox-core-asl-4.4.1.jar:/home/jasmina/.m2/repository/javax/xml/stream/stax-api/1.0-2/stax-api-1.0-2.jar:/home/jasmina/.m2/repository/org/codehaus/woodstox/stax2-api/3.1.4/stax2-api-3.1.4.jar:/home/jasmina/.m2/repository/org/springframework/cloud/spring-cloud-starter-netflix-archaius/2.0.0.M7/spring-cloud-starter-netflix-archaius-2.0.0.M7.jar:/home/jasmina/.m2/repository/org/springframework/cloud/spring-cloud-netflix-archaius/2.0.0.M7/spring-cloud-netflix-archaius-2.0.0.M7.jar:/home/jasmina/.m2/repository/commons-configuration/commons-configuration/1.8/commons-configuration-1.8.jar:/home/jasmina/.m2/repository/commons-lang/commons-lang/2.6/commons-lang-2.6.jar:/home/jasmina/.m2/repository/com/google/guava/guava/18.0/guava-18.0.jar:/home/jasmina/.m2/repository/org/springframework/cloud/spring-cloud-starter-netflix-ribbon/2.0.0.M7/spring-cloud-starter-netflix-ribbon-2.0.0.M7.jar:/home/jasmina/.m2/repository/com/netflix/ribbon/ribbon/2.2.4/ribbon-2.2.4.jar:/home/jasmina/.m2/repository/com/netflix/ribbon/ribbon-transport/2.2.4/ribbon-transport-2.2.4.jar:/home/jasmina/.m2/repository/io/reactivex/rxnetty-contexts/0.4.9/rxnetty-contexts-0.4.9.jar:/home/jasmina/.m2/repository/io/reactivex/rxnetty-servo/0.4.9/rxnetty-servo-0.4.9.jar:/home/jasmina/.m2/repository/com/netflix/hystrix/hystrix-core/1.5.12/hystrix-core-1.5.12.jar:/home/jasmina/.m2/repository/org/hdrhistogram/HdrHistogram/2.1.9/HdrHistogram-2.1.9.jar:/home/jasmina/.m2/repository/io/reactivex/rxnetty/0.4.9/rxnetty-0.4.9.jar:/home/jasmina/.m2/repository/io/netty/netty-codec-http/4.1.22.Final/netty-codec-http-4.1.22.Final.jar:/home/jasmina/.m2/repository/io/netty/netty-codec/4.1.22.Final/netty-codec-4.1.22.Final.jar:/home/jasmina/.m2/repository/io/netty/netty-transport-native-epoll/4.1.22.Final/netty-transport-native-epoll-4.1.22.Final.jar:/home/jasmina/.m2/repository/io/netty/netty-common/4.1.22.Final/netty-common-4.1.22.Final.jar:/home/jasmina/.m2/repository/io/netty/netty-buffer/4.1.22.Final/netty-buffer-4.1.22.Final.jar:/home/jasmina/.m2/repository/io/netty/netty-transport-native-unix-common/4.1.22.Final/netty-transport-native-unix-common-4.1.22.Final.jar:/home/jasmina/.m2/repository/io/netty/netty-transport/4.1.22.Final/netty-transport-4.1.22.Final.jar:/home/jasmina/.m2/repository/io/netty/netty-resolver/4.1.22.Final/netty-resolver-4.1.22.Final.jar:/home/jasmina/.m2/repository/com/netflix/ribbon/ribbon-core/2.2.4/ribbon-core-2.2.4.jar:/home/jasmina/.m2/repository/com/netflix/ribbon/ribbon-httpclient/2.2.4/ribbon-httpclient-2.2.4.jar:/home/jasmina/.m2/repository/commons-collections/commons-collections/3.2.2/commons-collections-3.2.2.jar:/home/jasmina/.m2/repository/com/netflix/netflix-commons/netflix-commons-util/0.1.1/netflix-commons-util-0.1.1.jar:/home/jasmina/.m2/repository/com/netflix/ribbon/ribbon-loadbalancer/2.2.4/ribbon-loadbalancer-2.2.4.jar:/home/jasmina/.m2/repository/com/netflix/netflix-commons/netflix-statistics/0.1.1/netflix-statistics-0.1.1.jar:/home/jasmina/.m2/repository/io/reactivex/rxjava/1.3.6/rxjava-1.3.6.jar:/home/jasmina/.m2/repository/com/netflix/ribbon/ribbon-eureka/2.2.4/ribbon-eureka-2.2.4.jar:/home/jasmina/.m2/repository/com/thoughtworks/xstream/xstream/1.4.9/xstream-1.4.9.jar:/home/jasmina/.m2/repository/xmlpull/xmlpull/1.1.3.1/xmlpull-1.1.3.1.jar:/home/jasmina/.m2/repository/xpp3/xpp3_min/1.1.4c/xpp3_min-1.1.4c.jar:/home/jasmina/.m2/repository/org/springframework/cloud/spring-cloud-starter-netflix-eureka-server/2.0.0.M7/spring-cloud-starter-netflix-eureka-server-2.0.0.M7.jar:/home/jasmina/.m2/repository/org/springframework/cloud/spring-cloud-netflix-eureka-server/2.0.0.M7/spring-cloud-netflix-eureka-server-2.0.0.M7.jar:/home/jasmina/.m2/repository/org/springframework/boot/spring-boot-starter-actuator/2.0.0.RELEASE/spring-boot-starter-actuator-2.0.0.RELEASE.jar:/home/jasmina/.m2/repository/org/springframework/boot/spring-boot-actuator-autoconfigure/2.0.0.RELEASE/spring-boot-actuator-autoconfigure-2.0.0.RELEASE.jar:/home/jasmina/.m2/repository/org/springframework/boot/spring-boot-actuator/2.0.0.RELEASE/spring-boot-actuator-2.0.0.RELEASE.jar:/home/jasmina/.m2/repository/io/micrometer/micrometer-core/1.0.1/micrometer-core-1.0.1.jar:/home/jasmina/.m2/repository/org/latencyutils/LatencyUtils/2.0.3/LatencyUtils-2.0.3.jar:/home/jasmina/.m2/repository/org/springframework/boot/spring-boot-starter-freemarker/2.0.0.RELEASE/spring-boot-starter-freemarker-2.0.0.RELEASE.jar:/home/jasmina/.m2/repository/org/freemarker/freemarker/2.3.27-incubating/freemarker-2.3.27-incubating.jar:/home/jasmina/.m2/repository/org/springframework/spring-context-support/5.0.4.RELEASE/spring-context-support-5.0.4.RELEASE.jar:/home/jasmina/.m2/repository/com/sun/jersey/jersey-servlet/1.19.1/jersey-servlet-1.19.1.jar:/home/jasmina/.m2/repository/com/sun/jersey/jersey-server/1.19.1/jersey-server-1.19.1.jar:/home/jasmina/.m2/repository/javax/inject/javax.inject/1/javax.inject-1.jar:/home/jasmina/.m2/repository/com/fasterxml/jackson/dataformat/jackson-dataformat-xml/2.9.3/jackson-dataformat-xml-2.9.3.jar:/home/jasmina/.m2/repository/com/fasterxml/jackson/module/jackson-module-jaxb-annotations/2.9.3/jackson-module-jaxb-annotations-2.9.3.jar:/home/jasmina/.m2/repository/com/fasterxml/woodstox/woodstox-core/5.0.3/woodstox-core-5.0.3.jar:/home/jasmina/.m2/repository/org/postgresql/postgresql/42.2.1/postgresql-42.2.1.jar:/home/jasmina/.m2/repository/org/springframework/boot/spring-boot-starter-test/2.0.0.RELEASE/spring-boot-starter-test-2.0.0.RELEASE.jar:/home/jasmina/.m2/repository/org/springframework/boot/spring-boot-test/2.0.0.RELEASE/spring-boot-test-2.0.0.RELEASE.jar:/home/jasmina/.m2/repository/org/springframework/boot/spring-boot-test-autoconfigure/2.0.0.RELEASE/spring-boot-test-autoconfigure-2.0.0.RELEASE.jar:/home/jasmina/.m2/repository/com/jayway/jsonpath/json-path/2.4.0/json-path-2.4.0.jar:/home/jasmina/.m2/repository/net/minidev/json-smart/2.3/json-smart-2.3.jar:/home/jasmina/.m2/repository/net/minidev/accessors-smart/1.2/accessors-smart-1.2.jar:/home/jasmina/.m2/repository/org/ow2/asm/asm/5.0.4/asm-5.0.4.jar:/home/jasmina/.m2/repository/junit/junit/4.12/junit-4.12.jar:/home/jasmina/.m2/repository/org/assertj/assertj-core/3.9.1/assertj-core-3.9.1.jar:/home/jasmina/.m2/repository/org/mockito/mockito-core/2.15.0/mockito-core-2.15.0.jar:/home/jasmina/.m2/repository/net/bytebuddy/byte-buddy/1.7.10/byte-buddy-1.7.10.jar:/home/jasmina/.m2/repository/net/bytebuddy/byte-buddy-agent/1.7.10/byte-buddy-agent-1.7.10.jar:/home/jasmina/.m2/repository/org/objenesis/objenesis/2.6/objenesis-2.6.jar:/home/jasmina/.m2/repository/org/hamcrest/hamcrest-core/1.3/hamcrest-core-1.3.jar:/home/jasmina/.m2/repository/org/hamcrest/hamcrest-library/1.3/hamcrest-library-1.3.jar:/home/jasmina/.m2/repository/org/skyscreamer/jsonassert/1.5.0/jsonassert-1.5.0.jar:/home/jasmina/.m2/repository/com/vaadin/external/google/android-json/0.0.20131108.vaadin1/android-json-0.0.20131108.vaadin1.jar:/home/jasmina/.m2/repository/org/springframework/spring-core/5.0.4.RELEASE/spring-core-5.0.4.RELEASE.jar:/home/jasmina/.m2/repository/org/springframework/spring-jcl/5.0.4.RELEASE/spring-jcl-5.0.4.RELEASE.jar:/home/jasmina/.m2/repository/org/springframework/spring-test/5.0.4.RELEASE/spring-test-5.0.4.RELEASE.jar:/home/jasmina/.m2/repository/org/xmlunit/xmlunit-core/2.5.1/xmlunit-core-2.5.1.jar:/home/jasmina/.m2/repository/org/springframework/amqp/spring-rabbit/2.0.2.RELEASE/spring-rabbit-2.0.2.RELEASE.jar:/home/jasmina/.m2/repository/com/rabbitmq/amqp-client/5.1.2/amqp-client-5.1.2.jar:/home/jasmina/.m2/repository/com/rabbitmq/http-client/1.3.1.RELEASE/http-client-1.3.1.RELEASE.jar:/home/jasmina/.m2/repository/org/springframework/spring-context/5.0.4.RELEASE/spring-context-5.0.4.RELEASE.jar:/home/jasmina/.m2/repository/org/springframework/spring-tx/5.0.4.RELEASE/spring-tx-5.0.4.RELEASE.jar:/home/jasmina/.m2/repository/org/springframework/retry/spring-retry/1.2.2.RELEASE/spring-retry-1.2.2.RELEASE.jar:/home/jasmina/.m2/repository/org/springframework/amqp/spring-amqp/2.0.2.RELEASE/spring-amqp-2.0.2.RELEASE.jar:, user.name=jasmina, java.vm.specification.version=1.8, sun.java.command=/home/jasmina/Documents/NWT-Tim15/TourHostService/target/surefire/surefirebooter7065045001226744200.jar /home/jasmina/Documents/NWT-Tim15/TourHostService/target/surefire 2018-04-13T14-50-43_599-jvmRun1 surefire8659028616427911622tmp surefire_06891820209171302085tmp, java.home=/usr/lib/jvm/java-8-openjdk-amd64/jre, sun.arch.data.model=64, user.language=en, java.specification.vendor=Oracle Corporation, awt.toolkit=sun.awt.X11.XToolkit, java.vm.info=mixed mode, java.version=1.8.0_162, java.ext.dirs=/usr/lib/jvm/java-8-openjdk-amd64/jre/lib/ext:/usr/java/packages/lib/ext, sun.boot.class.path=/usr/lib/jvm/java-8-openjdk-amd64/jre/lib/resources.jar:/usr/lib/jvm/java-8-openjdk-amd64/jre/lib/rt.jar:/usr/lib/jvm/java-8-openjdk-amd64/jre/lib/sunrsasign.jar:/usr/lib/jvm/java-8-openjdk-amd64/jre/lib/jsse.jar:/usr/lib/jvm/java-8-openjdk-amd64/jre/lib/jce.jar:/usr/lib/jvm/java-8-openjdk-amd64/jre/lib/charsets.jar:/usr/lib/jvm/java-8-openjdk-amd64/jre/lib/jfr.jar:/usr/lib/jvm/java-8-openjdk-amd64/jre/classes, java.vendor=Oracle Corporation, localRepository=/home/jasmina/.m2/repository, file.separator=/, java.vendor.url.bug=http://bugreport.sun.com/bugreport/, sun.io.unicode.encoding=UnicodeLittle, sun.cpu.endian=little, sun.desktop=gnome, sun.cpu.isalist=}}, SystemEnvironmentPropertySource@592959754 {name='systemEnvironment', properties={PATH=/usr/local/sbin:/usr/local/bin:/usr/sbin:/usr/bin:/sbin:/bin:/usr/games:/usr/local/games:/snap/bin, LC_MEASUREMENT=bs_BA.UTF-8, XAUTHORITY=/home/jasmina/.Xauthority, XMODIFIERS=@im=ibus, LC_TELEPHONE=bs_BA.UTF-8, XDG_DATA_DIRS=/usr/share/ubuntu:/usr/share/gnome:/usr/local/share:/usr/share:/var/lib/snapd/desktop:/var/lib/snapd/desktop, GDMSESSION=ubuntu, MANDATORY_PATH=/usr/share/gconf/ubuntu.mandatory.path, LC_TIME=bs_BA.UTF-8, DESKTOP_MODE=1, GTK_IM_MODULE=ibus, DBUS_SESSION_BUS_ADDRESS=unix:abstract=/tmp/dbus-LsmPeEUd4e, DEFAULTS_PATH=/usr/share/gconf/ubuntu.default.path, XDG_CURRENT_DESKTOP=Unity, UPSTART_SESSION=unix:abstract=/com/ubuntu/upstart-session/1001/1779, QT4_IM_MODULE=xim, LC_PAPER=bs_BA.UTF-8, QT_LINUX_ACCESSIBILITY_ALWAYS_ON=1, LOGNAME=jasmina, JOB=unity-settings-daemon, PWD=/home/jasmina/Documents/NWT-Tim15/TourHostService, IM_CONFIG_PHASE=1, LANGUAGE=en_US:, SHELL=/bin/bash, LESSOPEN=| /usr/bin/lesspipe %s, LC_ADDRESS=bs_BA.UTF-8, UNITY_HAS_3D_SUPPORT=true, GIO_LAUNCHED_DESKTOP_FILE=/usr/share/applications/jetbrains-idea.desktop, GTK2_MODULES=overlay-scrollbar, INSTANCE=, OLDPWD=/home/jasmina/Documents/NWT-Tim15/TourHostService, GNOME_DESKTOP_SESSION_ID=this-is-deprecated, UPSTART_INSTANCE=, GTK_MODULES=gail:atk-bridge:unity-gtk-module, CLUTTER_IM_MODULE=xim, XDG_SESSION_PATH=/org/freedesktop/DisplayManager/Session0, COMPIZ_BIN_PATH=/usr/bin/, SESSIONTYPE=gnome-session, LS_COLORS=rs=0:di=01;34:ln=01;36:mh=00:pi=40;33:so=01;35:do=01;35:bd=40;33;01:cd=40;33;01:or=40;31;01:mi=00:su=37;41:sg=30;43:ca=30;41:tw=30;42:ow=34;42:st=37;44:ex=01;32:*.tar=01;31:*.tgz=01;31:*.arc=01;31:*.arj=01;31:*.taz=01;31:*.lha=01;31:*.lz4=01;31:*.lzh=01;31:*.lzma=01;31:*.tlz=01;31:*.txz=01;31:*.tzo=01;31:*.t7z=01;31:*.zip=01;31:*.z=01;31:*.Z=01;31:*.dz=01;31:*.gz=01;31:*.lrz=01;31:*.lz=01;31:*.lzo=01;31:*.xz=01;31:*.bz2=01;31:*.bz=01;31:*.tbz=01;31:*.tbz2=01;31:*.tz=01;31:*.deb=01;31:*.rpm=01;31:*.jar=01;31:*.war=01;31:*.ear=01;31:*.sar=01;31:*.rar=01;31:*.alz=01;31:*.ace=01;31:*.zoo=01;31:*.cpio=01;31:*.7z=01;31:*.rz=01;31:*.cab=01;31:*.jpg=01;35:*.jpeg=01;35:*.gif=01;35:*.bmp=01;35:*.pbm=01;35:*.pgm=01;35:*.ppm=01;35:*.tga=01;35:*.xbm=01;35:*.xpm=01;35:*.tif=01;35:*.tiff=01;35:*.png=01;35:*.svg=01;35:*.svgz=01;35:*.mng=01;35:*.pcx=01;35:*.mov=01;35:*.mpg=01;35:*.mpeg=01;35:*.m2v=01;35:*.mkv=01;35:*.webm=01;35:*.ogm=01;35:*.mp4=01;35:*.m4v=01;35:*.mp4v=01;35:*.vob=01;35:*.qt=01;35:*.nuv=01;35:*.wmv=01;35:*.asf=01;35:*.rm=01;35:*.rmvb=01;35:*.flc=01;35:*.avi=01;35:*.fli=01;35:*.flv=01;35:*.gl=01;35:*.dl=01;35:*.xcf=01;35:*.xwd=01;35:*.yuv=01;35:*.cgm=01;35:*.emf=01;35:*.ogv=01;35:*.ogx=01;35:*.aac=00;36:*.au=00;36:*.flac=00;36:*.m4a=00;36:*.mid=00;36:*.midi=00;36:*.mka=00;36:*.mp3=00;36:*.mpc=00;36:*.ogg=00;36:*.ra=00;36:*.wav=00;36:*.oga=00;36:*.opus=00;36:*.spx=00;36:*.xspf=00;36:, XDG_SESSION_DESKTOP=ubuntu, SHLVL=1, LC_IDENTIFICATION=bs_BA.UTF-8, LESSCLOSE=/usr/bin/lesspipe %s %s, LC_MONETARY=bs_BA.UTF-8, COMPIZ_CONFIG_PROFILE=ubuntu, QT_IM_MODULE=ibus, UPSTART_JOB=unity7, JAVA_HOME=/usr/lib/jvm/java-8-openjdk-amd64, TERM=xterm-256color, XDG_CONFIG_DIRS=/etc/xdg/xdg-ubuntu:/usr/share/upstart/xdg:/etc/xdg, LANG=en_US.UTF-8, GNOME_KEYRING_CONTROL=, XDG_SEAT_PATH=/org/freedesktop/DisplayManager/Seat0, XDG_SESSION_ID=c17, XDG_SESSION_TYPE=x11, DISPLAY=:0, UNITY_DEFAULT_PROFILE=unity, LC_NAME=bs_BA.UTF-8, MAVEN_CMD_LINE_ARGS= clean install, _=/usr/bin/mvn, GDM_LANG=en_US, XDG_GREETER_DATA_DIR=/var/lib/lightdm-data/jasmina, UPSTART_EVENTS=xsession started, GPG_AGENT_INFO=/home/jasmina/.gnupg/S.gpg-agent:0:1, MAVEN_PROJECTBASEDIR=/home/jasmina/Documents/NWT-Tim15/TourHostService, DESKTOP_SESSION=ubuntu, SESSION=ubuntu, USER=jasmina, GIO_LAUNCHED_DESKTOP_FILE_PID=2527, QT_ACCESSIBILITY=1, LC_NUMERIC=bs_BA.UTF-8, SSH_AUTH_SOCK=/run/user/1001/keyring/ssh, XDG_SEAT=seat0, QT_QPA_PLATFORMTHEME=appmenu-qt5, XDG_VTNR=7, XDG_RUNTIME_DIR=/run/user/1001, HOME=/home/jasmina, GNOME_KEYRING_PID=}}]
14:50:45.450 [main] DEBUG org.springframework.core.io.support.PathMatchingResourcePatternResolver - Resolved classpath location [com/springjpa/] to resources [URL [file:/home/jasmina/Documents/NWT-Tim15/TourHostService/target/test-classes/com/springjpa/], URL [file:/home/jasmina/Documents/NWT-Tim15/TourHostService/target/classes/com/springjpa/]]
14:50:45.450 [main] DEBUG org.springframework.core.io.support.PathMatchingResourcePatternResolver - Looking for matching resources in directory tree [/home/jasmina/Documents/NWT-Tim15/TourHostService/target/test-classes/com/springjpa]
14:50:45.450 [main] DEBUG org.springframework.core.io.support.PathMatchingResourcePatternResolver - Searching directory [/home/jasmina/Documents/NWT-Tim15/TourHostService/target/test-classes/com/springjpa] for files matching pattern [/home/jasmina/Documents/NWT-Tim15/TourHostService/target/test-classes/com/springjpa/*.class]
14:50:45.454 [main] DEBUG org.springframework.core.io.support.PathMatchingResourcePatternResolver - Looking for matching resources in directory tree [/home/jasmina/Documents/NWT-Tim15/TourHostService/target/classes/com/springjpa]
14:50:45.454 [main] DEBUG org.springframework.core.io.support.PathMatchingResourcePatternResolver - Searching directory [/home/jasmina/Documents/NWT-Tim15/TourHostService/target/classes/com/springjpa] for files matching pattern [/home/jasmina/Documents/NWT-Tim15/TourHostService/target/classes/com/springjpa/*.class]
14:50:45.455 [main] DEBUG org.springframework.core.io.support.PathMatchingResourcePatternResolver - Resolved location pattern [classpath*:com/springjpa/*.class] to resources [file [/home/jasmina/Documents/NWT-Tim15/TourHostService/target/test-classes/com/springjpa/SpringJpaPostgreSqlApplicationTests.class], file [/home/jasmina/Documents/NWT-Tim15/TourHostService/target/classes/com/springjpa/SpringJpaPostgreSqlApplication.class]]
14:50:45.508 [main] DEBUG org.springframework.context.annotation.ClassPathScanningCandidateComponentProvider - Identified candidate component class: file [/home/jasmina/Documents/NWT-Tim15/TourHostService/target/classes/com/springjpa/SpringJpaPostgreSqlApplication.class]
14:50:45.509 [main] INFO org.springframework.boot.test.context.SpringBootTestContextBootstrapper - Found @SpringBootConfiguration com.springjpa.SpringJpaPostgreSqlApplication for test class com.springjpa.SpringJpaPostgreSqlApplicationTests
14:50:45.622 [main] DEBUG org.springframework.boot.test.context.SpringBootTestContextBootstrapper - @TestExecutionListeners is not present for class [com.springjpa.SpringJpaPostgreSqlApplicationTests]: using defaults.
14:50:45.622 [main] INFO org.springframework.boot.test.context.SpringBootTestContextBootstrapper - Loaded default TestExecutionListener class names from location [META-INF/spring.factories]: [org.springframework.boot.test.mock.mockito.MockitoTestExecutionListener, org.springframework.boot.test.mock.mockito.ResetMocksTestExecutionListener, org.springframework.boot.test.autoconfigure.restdocs.RestDocsTestExecutionListener, org.springframework.boot.test.autoconfigure.web.client.MockRestServiceServerResetTestExecutionListener, org.springframework.boot.test.autoconfigure.web.servlet.MockMvcPrintOnlyOnFailureTestExecutionListener, org.springframework.boot.test.autoconfigure.web.servlet.WebDriverTestExecutionListener, org.springframework.test.context.web.ServletTestExecutionListener, org.springframework.test.context.support.DirtiesContextBeforeModesTestExecutionListener, org.springframework.test.context.support.DependencyInjectionTestExecutionListener, org.springframework.test.context.support.DirtiesContextTestExecutionListener, org.springframework.test.context.transaction.TransactionalTestExecutionListener, org.springframework.test.context.jdbc.SqlScriptsTestExecutionListener]
14:50:45.649 [main] INFO org.springframework.boot.test.context.SpringBootTestContextBootstrapper - Using TestExecutionListeners: [org.springframework.test.context.web.ServletTestExecutionListener@247d8ae, org.springframework.test.context.support.DirtiesContextBeforeModesTestExecutionListener@48974e45, org.springframework.boot.test.mock.mockito.MockitoTestExecutionListener@6a84a97d, org.springframework.boot.test.autoconfigure.SpringBootDependencyInjectionTestExecutionListener@6c130c45, org.springframework.test.context.support.DirtiesContextTestExecutionListener@50ad3bc1, org.springframework.test.context.transaction.TransactionalTestExecutionListener@223aa2f7, org.springframework.test.context.jdbc.SqlScriptsTestExecutionListener@6d3a388c, org.springframework.boot.test.mock.mockito.ResetMocksTestExecutionListener@193f604a, org.springframework.boot.test.autoconfigure.restdocs.RestDocsTestExecutionListener@20f5239f, org.springframework.boot.test.autoconfigure.web.client.MockRestServiceServerResetTestExecutionListener@57af006c, org.springframework.boot.test.autoconfigure.web.servlet.MockMvcPrintOnlyOnFailureTestExecutionListener@6bedbc4d, org.springframework.boot.test.autoconfigure.web.servlet.WebDriverTestExecutionListener@932bc4a]
14:50:45.651 [main] DEBUG org.springframework.test.annotation.ProfileValueUtils - Retrieved @ProfileValueSourceConfiguration [null] for test class [com.springjpa.SpringJpaPostgreSqlApplicationTests]
14:50:45.651 [main] DEBUG org.springframework.test.annotation.ProfileValueUtils - Retrieved ProfileValueSource type [class org.springframework.test.annotation.SystemProfileValueSource] for class [com.springjpa.SpringJpaPostgreSqlApplicationTests]
14:50:45.652 [main] DEBUG org.springframework.test.annotation.ProfileValueUtils - Retrieved @ProfileValueSourceConfiguration [null] for test class [com.springjpa.SpringJpaPostgreSqlApplicationTests]
14:50:45.652 [main] DEBUG org.springframework.test.annotation.ProfileValueUtils - Retrieved ProfileValueSource type [class org.springframework.test.annotation.SystemProfileValueSource] for class [com.springjpa.SpringJpaPostgreSqlApplicationTests]
14:50:45.652 [main] DEBUG org.springframework.test.annotation.ProfileValueUtils - Retrieved @ProfileValueSourceConfiguration [null] for test class [com.springjpa.SpringJpaPostgreSqlApplicationTests]
14:50:45.652 [main] DEBUG org.springframework.test.annotation.ProfileValueUtils - Retrieved ProfileValueSource type [class org.springframework.test.annotation.SystemProfileValueSource] for class [com.springjpa.SpringJpaPostgreSqlApplicationTests]
14:50:45.655 [main] DEBUG org.springframework.test.context.support.AbstractDirtiesContextTestExecutionListener - Before test class: context [DefaultTestContext@3d5c822d testClass = SpringJpaPostgreSqlApplicationTests, testInstance = [null], testMethod = [null], testException = [null], mergedContextConfiguration = [WebMergedContextConfiguration@6f46426d testClass = SpringJpaPostgreSqlApplicationTests, locations = '{}', classes = '{class com.springjpa.SpringJpaPostgreSqlApplication}', contextInitializerClasses = '[]', activeProfiles = '{}', propertySourceLocations = '{}', propertySourceProperties = '{org.springframework.boot.test.context.SpringBootTestContextBootstrapper=true}', contextCustomizers = set[org.springframework.boot.test.context.filter.ExcludeFilterContextCustomizer@282003e1, org.springframework.boot.test.json.DuplicateJsonObjectContextCustomizerFactory$DuplicateJsonObjectContextCustomizer@76329302, org.springframework.boot.test.mock.mockito.MockitoContextCustomizer@0, org.springframework.boot.test.web.client.TestRestTemplateContextCustomizer@49e202ad, org.springframework.boot.test.autoconfigure.properties.PropertyMappingContextCustomizer@0, org.springframework.boot.test.autoconfigure.web.servlet.WebDriverContextCustomizerFactory$Customizer@551bdc27], resourceBasePath = 'src/main/webapp', contextLoader = 'org.springframework.boot.test.context.SpringBootContextLoader', parent = [null]], attributes = map['org.springframework.test.context.web.ServletTestExecutionListener.activateListener' -> true]], class annotated with @DirtiesContext [false] with mode [null].
14:50:45.656 [main] DEBUG org.springframework.test.annotation.ProfileValueUtils - Retrieved @ProfileValueSourceConfiguration [null] for test class [com.springjpa.SpringJpaPostgreSqlApplicationTests]
14:50:45.656 [main] DEBUG org.springframework.test.annotation.ProfileValueUtils - Retrieved ProfileValueSource type [class org.springframework.test.annotation.SystemProfileValueSource] for class [com.springjpa.SpringJpaPostgreSqlApplicationTests]
14:50:45.678 [main] DEBUG org.springframework.core.env.StandardEnvironment - Adding PropertySource 'systemProperties' with lowest search precedence
14:50:45.679 [main] DEBUG org.springframework.core.env.StandardEnvironment - Adding PropertySource 'systemEnvironment' with lowest search precedence
14:50:45.679 [main] DEBUG org.springframework.core.env.StandardEnvironment - Initialized StandardEnvironment with PropertySources [MapPropertySource@1128948651 {name='systemProperties', properties={java.runtime.name=OpenJDK Runtime Environment, sun.boot.library.path=/usr/lib/jvm/java-8-openjdk-amd64/jre/lib/amd64, java.vm.version=25.162-b12, java.vm.vendor=Oracle Corporation, java.vendor.url=http://java.oracle.com/, path.separator=:, java.vm.name=OpenJDK 64-Bit Server VM, file.encoding.pkg=sun.io, user.country=US, sun.java.launcher=SUN_STANDARD, sun.os.patch.level=unknown, java.vm.specification.name=Java Virtual Machine Specification, user.dir=/home/jasmina/Documents/NWT-Tim15/TourHostService, java.runtime.version=1.8.0_162-8u162-b12-0ubuntu0.16.04.2-b12, basedir=/home/jasmina/Documents/NWT-Tim15/TourHostService, java.awt.graphicsenv=sun.awt.X11GraphicsEnvironment, java.endorsed.dirs=/usr/lib/jvm/java-8-openjdk-amd64/jre/lib/endorsed, os.arch=amd64, surefire.real.class.path=/home/jasmina/Documents/NWT-Tim15/TourHostService/target/surefire/surefirebooter7065045001226744200.jar, java.io.tmpdir=/tmp, line.separator=
, java.vm.specification.vendor=Oracle Corporation, os.name=Linux, sun.jnu.encoding=UTF-8, java.library.path=/usr/java/packages/lib/amd64:/usr/lib/x86_64-linux-gnu/jni:/lib/x86_64-linux-gnu:/usr/lib/x86_64-linux-gnu:/usr/lib/jni:/lib:/usr/lib, surefire.test.class.path=/home/jasmina/Documents/NWT-Tim15/TourHostService/target/test-classes:/home/jasmina/Documents/NWT-Tim15/TourHostService/target/classes:/home/jasmina/.m2/repository/org/springframework/boot/spring-boot-starter-amqp/2.0.0.RELEASE/spring-boot-starter-amqp-2.0.0.RELEASE.jar:/home/jasmina/.m2/repository/org/springframework/boot/spring-boot-starter/2.0.0.RELEASE/spring-boot-starter-2.0.0.RELEASE.jar:/home/jasmina/.m2/repository/org/springframework/boot/spring-boot/2.0.0.RELEASE/spring-boot-2.0.0.RELEASE.jar:/home/jasmina/.m2/repository/org/springframework/boot/spring-boot-autoconfigure/2.0.0.RELEASE/spring-boot-autoconfigure-2.0.0.RELEASE.jar:/home/jasmina/.m2/repository/org/springframework/boot/spring-boot-starter-logging/2.0.0.RELEASE/spring-boot-starter-logging-2.0.0.RELEASE.jar:/home/jasmina/.m2/repository/ch/qos/logback/logback-classic/1.2.3/logback-classic-1.2.3.jar:/home/jasmina/.m2/repository/ch/qos/logback/logback-core/1.2.3/logback-core-1.2.3.jar:/home/jasmina/.m2/repository/org/apache/logging/log4j/log4j-to-slf4j/2.10.0/log4j-to-slf4j-2.10.0.jar:/home/jasmina/.m2/repository/org/apache/logging/log4j/log4j-api/2.10.0/log4j-api-2.10.0.jar:/home/jasmina/.m2/repository/org/slf4j/jul-to-slf4j/1.7.25/jul-to-slf4j-1.7.25.jar:/home/jasmina/.m2/repository/javax/annotation/javax.annotation-api/1.3.2/javax.annotation-api-1.3.2.jar:/home/jasmina/.m2/repository/org/yaml/snakeyaml/1.19/snakeyaml-1.19.jar:/home/jasmina/.m2/repository/org/springframework/spring-messaging/5.0.4.RELEASE/spring-messaging-5.0.4.RELEASE.jar:/home/jasmina/.m2/repository/org/springframework/spring-beans/5.0.4.RELEASE/spring-beans-5.0.4.RELEASE.jar:/home/jasmina/.m2/repository/org/springframework/boot/spring-boot-starter-data-jpa/2.0.0.RELEASE/spring-boot-starter-data-jpa-2.0.0.RELEASE.jar:/home/jasmina/.m2/repository/org/springframework/boot/spring-boot-starter-aop/2.0.0.RELEASE/spring-boot-starter-aop-2.0.0.RELEASE.jar:/home/jasmina/.m2/repository/org/springframework/spring-aop/5.0.4.RELEASE/spring-aop-5.0.4.RELEASE.jar:/home/jasmina/.m2/repository/org/aspectj/aspectjweaver/1.8.13/aspectjweaver-1.8.13.jar:/home/jasmina/.m2/repository/org/springframework/boot/spring-boot-starter-jdbc/2.0.0.RELEASE/spring-boot-starter-jdbc-2.0.0.RELEASE.jar:/home/jasmina/.m2/repository/com/zaxxer/HikariCP/2.7.8/HikariCP-2.7.8.jar:/home/jasmina/.m2/repository/org/springframework/spring-jdbc/5.0.4.RELEASE/spring-jdbc-5.0.4.RELEASE.jar:/home/jasmina/.m2/repository/org/hibernate/hibernate-core/5.2.14.Final/hibernate-core-5.2.14.Final.jar:/home/jasmina/.m2/repository/org/jboss/logging/jboss-logging/3.3.2.Final/jboss-logging-3.3.2.Final.jar:/home/jasmina/.m2/repository/org/hibernate/javax/persistence/hibernate-jpa-2.1-api/1.0.0.Final/hibernate-jpa-2.1-api-1.0.0.Final.jar:/home/jasmina/.m2/repository/org/javassist/javassist/3.22.0-GA/javassist-3.22.0-GA.jar:/home/jasmina/.m2/repository/antlr/antlr/2.7.7/antlr-2.7.7.jar:/home/jasmina/.m2/repository/org/jboss/jandex/2.0.3.Final/jandex-2.0.3.Final.jar:/home/jasmina/.m2/repository/com/fasterxml/classmate/1.3.4/classmate-1.3.4.jar:/home/jasmina/.m2/repository/dom4j/dom4j/1.6.1/dom4j-1.6.1.jar:/home/jasmina/.m2/repository/org/hibernate/common/hibernate-commons-annotations/5.0.1.Final/hibernate-commons-annotations-5.0.1.Final.jar:/home/jasmina/.m2/repository/javax/transaction/javax.transaction-api/1.2/javax.transaction-api-1.2.jar:/home/jasmina/.m2/repository/org/springframework/data/spring-data-jpa/2.0.5.RELEASE/spring-data-jpa-2.0.5.RELEASE.jar:/home/jasmina/.m2/repository/org/springframework/data/spring-data-commons/2.0.5.RELEASE/spring-data-commons-2.0.5.RELEASE.jar:/home/jasmina/.m2/repository/org/springframework/spring-orm/5.0.4.RELEASE/spring-orm-5.0.4.RELEASE.jar:/home/jasmina/.m2/repository/org/slf4j/slf4j-api/1.7.25/slf4j-api-1.7.25.jar:/home/jasmina/.m2/repository/org/springframework/spring-aspects/5.0.4.RELEASE/spring-aspects-5.0.4.RELEASE.jar:/home/jasmina/.m2/repository/org/springframework/boot/spring-boot-starter-data-rest/2.0.0.RELEASE/spring-boot-starter-data-rest-2.0.0.RELEASE.jar:/home/jasmina/.m2/repository/org/springframework/boot/spring-boot-starter-json/2.0.0.RELEASE/spring-boot-starter-json-2.0.0.RELEASE.jar:/home/jasmina/.m2/repository/com/fasterxml/jackson/core/jackson-databind/2.9.3/jackson-databind-2.9.3.jar:/home/jasmina/.m2/repository/com/fasterxml/jackson/datatype/jackson-datatype-jdk8/2.9.3/jackson-datatype-jdk8-2.9.3.jar:/home/jasmina/.m2/repository/com/fasterxml/jackson/datatype/jackson-datatype-jsr310/2.9.3/jackson-datatype-jsr310-2.9.3.jar:/home/jasmina/.m2/repository/com/fasterxml/jackson/module/jackson-module-parameter-names/2.9.3/jackson-module-parameter-names-2.9.3.jar:/home/jasmina/.m2/repository/org/springframework/data/spring-data-rest-webmvc/3.0.5.RELEASE/spring-data-rest-webmvc-3.0.5.RELEASE.jar:/home/jasmina/.m2/repository/org/springframework/data/spring-data-rest-core/3.0.5.RELEASE/spring-data-rest-core-3.0.5.RELEASE.jar:/home/jasmina/.m2/repository/org/springframework/hateoas/spring-hateoas/0.24.0.RELEASE/spring-hateoas-0.24.0.RELEASE.jar:/home/jasmina/.m2/repository/org/springframework/plugin/spring-plugin-core/1.2.0.RELEASE/spring-plugin-core-1.2.0.RELEASE.jar:/home/jasmina/.m2/repository/org/atteo/evo-inflector/1.2.2/evo-inflector-1.2.2.jar:/home/jasmina/.m2/repository/com/fasterxml/jackson/core/jackson-annotations/2.9.0/jackson-annotations-2.9.0.jar:/home/jasmina/.m2/repository/org/springframework/boot/spring-boot-starter-web/2.0.0.RELEASE/spring-boot-starter-web-2.0.0.RELEASE.jar:/home/jasmina/.m2/repository/org/springframework/boot/spring-boot-starter-tomcat/2.0.0.RELEASE/spring-boot-starter-tomcat-2.0.0.RELEASE.jar:/home/jasmina/.m2/repository/org/apache/tomcat/embed/tomcat-embed-core/8.5.28/tomcat-embed-core-8.5.28.jar:/home/jasmina/.m2/repository/org/apache/tomcat/embed/tomcat-embed-el/8.5.28/tomcat-embed-el-8.5.28.jar:/home/jasmina/.m2/repository/org/apache/tomcat/embed/tomcat-embed-websocket/8.5.28/tomcat-embed-websocket-8.5.28.jar:/home/jasmina/.m2/repository/org/hibernate/validator/hibernate-validator/6.0.7.Final/hibernate-validator-6.0.7.Final.jar:/home/jasmina/.m2/repository/javax/validation/validation-api/2.0.1.Final/validation-api-2.0.1.Final.jar:/home/jasmina/.m2/repository/org/springframework/spring-web/5.0.4.RELEASE/spring-web-5.0.4.RELEASE.jar:/home/jasmina/.m2/repository/org/springframework/spring-webmvc/5.0.4.RELEASE/spring-webmvc-5.0.4.RELEASE.jar:/home/jasmina/.m2/repository/org/springframework/spring-expression/5.0.4.RELEASE/spring-expression-5.0.4.RELEASE.jar:/home/jasmina/.m2/repository/org/springframework/boot/spring-boot-starter-web-services/2.0.0.RELEASE/spring-boot-starter-web-services-2.0.0.RELEASE.jar:/home/jasmina/.m2/repository/org/springframework/spring-oxm/5.0.4.RELEASE/spring-oxm-5.0.4.RELEASE.jar:/home/jasmina/.m2/repository/org/springframework/ws/spring-ws-core/3.0.0.RELEASE/spring-ws-core-3.0.0.RELEASE.jar:/home/jasmina/.m2/repository/org/springframework/ws/spring-xml/3.0.0.RELEASE/spring-xml-3.0.0.RELEASE.jar:/home/jasmina/.m2/repository/commons-io/commons-io/2.5/commons-io-2.5.jar:/home/jasmina/.m2/repository/org/springframework/cloud/spring-cloud-starter-netflix-eureka-client/2.0.0.M7/spring-cloud-starter-netflix-eureka-client-2.0.0.M7.jar:/home/jasmina/.m2/repository/org/springframework/cloud/spring-cloud-starter/2.0.0.M8/spring-cloud-starter-2.0.0.M8.jar:/home/jasmina/.m2/repository/org/springframework/cloud/spring-cloud-context/2.0.0.M8/spring-cloud-context-2.0.0.M8.jar:/home/jasmina/.m2/repository/org/springframework/security/spring-security-crypto/5.0.3.RELEASE/spring-security-crypto-5.0.3.RELEASE.jar:/home/jasmina/.m2/repository/org/springframework/cloud/spring-cloud-commons/2.0.0.M8/spring-cloud-commons-2.0.0.M8.jar:/home/jasmina/.m2/repository/org/springframework/security/spring-security-rsa/1.0.5.RELEASE/spring-security-rsa-1.0.5.RELEASE.jar:/home/jasmina/.m2/repository/org/bouncycastle/bcpkix-jdk15on/1.56/bcpkix-jdk15on-1.56.jar:/home/jasmina/.m2/repository/org/bouncycastle/bcprov-jdk15on/1.56/bcprov-jdk15on-1.56.jar:/home/jasmina/.m2/repository/org/springframework/cloud/spring-cloud-netflix-core/2.0.0.M7/spring-cloud-netflix-core-2.0.0.M7.jar:/home/jasmina/.m2/repository/org/springframework/cloud/spring-cloud-netflix-ribbon/2.0.0.M7/spring-cloud-netflix-ribbon-2.0.0.M7.jar:/home/jasmina/.m2/repository/org/springframework/cloud/spring-cloud-netflix-eureka-client/2.0.0.M7/spring-cloud-netflix-eureka-client-2.0.0.M7.jar:/home/jasmina/.m2/repository/com/netflix/eureka/eureka-client/1.8.6/eureka-client-1.8.6.jar:/home/jasmina/.m2/repository/org/codehaus/jettison/jettison/1.3.7/jettison-1.3.7.jar:/home/jasmina/.m2/repository/stax/stax-api/1.0.1/stax-api-1.0.1.jar:/home/jasmina/.m2/repository/com/netflix/netflix-commons/netflix-eventbus/0.3.0/netflix-eventbus-0.3.0.jar:/home/jasmina/.m2/repository/com/netflix/netflix-commons/netflix-infix/0.3.0/netflix-infix-0.3.0.jar:/home/jasmina/.m2/repository/commons-jxpath/commons-jxpath/1.3/commons-jxpath-1.3.jar:/home/jasmina/.m2/repository/joda-time/joda-time/2.9.9/joda-time-2.9.9.jar:/home/jasmina/.m2/repository/org/antlr/antlr-runtime/3.4/antlr-runtime-3.4.jar:/home/jasmina/.m2/repository/org/antlr/stringtemplate/3.2.1/stringtemplate-3.2.1.jar:/home/jasmina/.m2/repository/com/google/code/gson/gson/2.8.2/gson-2.8.2.jar:/home/jasmina/.m2/repository/org/apache/commons/commons-math/2.2/commons-math-2.2.jar:/home/jasmina/.m2/repository/com/netflix/archaius/archaius-core/0.7.5/archaius-core-0.7.5.jar:/home/jasmina/.m2/repository/javax/ws/rs/jsr311-api/1.1.1/jsr311-api-1.1.1.jar:/home/jasmina/.m2/repository/com/netflix/servo/servo-core/0.10.1/servo-core-0.10.1.jar:/home/jasmina/.m2/repository/com/netflix/servo/servo-internal/0.10.1/servo-internal-0.10.1.jar:/home/jasmina/.m2/repository/com/sun/jersey/jersey-core/1.19.1/jersey-core-1.19.1.jar:/home/jasmina/.m2/repository/com/sun/jersey/jersey-client/1.19.1/jersey-client-1.19.1.jar:/home/jasmina/.m2/repository/com/sun/jersey/contribs/jersey-apache-client4/1.19.1/jersey-apache-client4-1.19.1.jar:/home/jasmina/.m2/repository/org/apache/httpcomponents/httpclient/4.5.5/httpclient-4.5.5.jar:/home/jasmina/.m2/repository/org/apache/httpcomponents/httpcore/4.4.9/httpcore-4.4.9.jar:/home/jasmina/.m2/repository/commons-codec/commons-codec/1.11/commons-codec-1.11.jar:/home/jasmina/.m2/repository/com/google/inject/guice/4.1.0/guice-4.1.0.jar:/home/jasmina/.m2/repository/aopalliance/aopalliance/1.0/aopalliance-1.0.jar:/home/jasmina/.m2/repository/com/github/vlsi/compactmap/compactmap/1.2.1/compactmap-1.2.1.jar:/home/jasmina/.m2/repository/com/github/andrewoma/dexx/dexx-collections/0.2/dexx-collections-0.2.jar:/home/jasmina/.m2/repository/com/fasterxml/jackson/core/jackson-core/2.9.3/jackson-core-2.9.3.jar:/home/jasmina/.m2/repository/com/netflix/eureka/eureka-core/1.8.6/eureka-core-1.8.6.jar:/home/jasmina/.m2/repository/org/codehaus/woodstox/woodstox-core-asl/4.4.1/woodstox-core-asl-4.4.1.jar:/home/jasmina/.m2/repository/javax/xml/stream/stax-api/1.0-2/stax-api-1.0-2.jar:/home/jasmina/.m2/repository/org/codehaus/woodstox/stax2-api/3.1.4/stax2-api-3.1.4.jar:/home/jasmina/.m2/repository/org/springframework/cloud/spring-cloud-starter-netflix-archaius/2.0.0.M7/spring-cloud-starter-netflix-archaius-2.0.0.M7.jar:/home/jasmina/.m2/repository/org/springframework/cloud/spring-cloud-netflix-archaius/2.0.0.M7/spring-cloud-netflix-archaius-2.0.0.M7.jar:/home/jasmina/.m2/repository/commons-configuration/commons-configuration/1.8/commons-configuration-1.8.jar:/home/jasmina/.m2/repository/commons-lang/commons-lang/2.6/commons-lang-2.6.jar:/home/jasmina/.m2/repository/com/google/guava/guava/18.0/guava-18.0.jar:/home/jasmina/.m2/repository/org/springframework/cloud/spring-cloud-starter-netflix-ribbon/2.0.0.M7/spring-cloud-starter-netflix-ribbon-2.0.0.M7.jar:/home/jasmina/.m2/repository/com/netflix/ribbon/ribbon/2.2.4/ribbon-2.2.4.jar:/home/jasmina/.m2/repository/com/netflix/ribbon/ribbon-transport/2.2.4/ribbon-transport-2.2.4.jar:/home/jasmina/.m2/repository/io/reactivex/rxnetty-contexts/0.4.9/rxnetty-contexts-0.4.9.jar:/home/jasmina/.m2/repository/io/reactivex/rxnetty-servo/0.4.9/rxnetty-servo-0.4.9.jar:/home/jasmina/.m2/repository/com/netflix/hystrix/hystrix-core/1.5.12/hystrix-core-1.5.12.jar:/home/jasmina/.m2/repository/org/hdrhistogram/HdrHistogram/2.1.9/HdrHistogram-2.1.9.jar:/home/jasmina/.m2/repository/io/reactivex/rxnetty/0.4.9/rxnetty-0.4.9.jar:/home/jasmina/.m2/repository/io/netty/netty-codec-http/4.1.22.Final/netty-codec-http-4.1.22.Final.jar:/home/jasmina/.m2/repository/io/netty/netty-codec/4.1.22.Final/netty-codec-4.1.22.Final.jar:/home/jasmina/.m2/repository/io/netty/netty-transport-native-epoll/4.1.22.Final/netty-transport-native-epoll-4.1.22.Final.jar:/home/jasmina/.m2/repository/io/netty/netty-common/4.1.22.Final/netty-common-4.1.22.Final.jar:/home/jasmina/.m2/repository/io/netty/netty-buffer/4.1.22.Final/netty-buffer-4.1.22.Final.jar:/home/jasmina/.m2/repository/io/netty/netty-transport-native-unix-common/4.1.22.Final/netty-transport-native-unix-common-4.1.22.Final.jar:/home/jasmina/.m2/repository/io/netty/netty-transport/4.1.22.Final/netty-transport-4.1.22.Final.jar:/home/jasmina/.m2/repository/io/netty/netty-resolver/4.1.22.Final/netty-resolver-4.1.22.Final.jar:/home/jasmina/.m2/repository/com/netflix/ribbon/ribbon-core/2.2.4/ribbon-core-2.2.4.jar:/home/jasmina/.m2/repository/com/netflix/ribbon/ribbon-httpclient/2.2.4/ribbon-httpclient-2.2.4.jar:/home/jasmina/.m2/repository/commons-collections/commons-collections/3.2.2/commons-collections-3.2.2.jar:/home/jasmina/.m2/repository/com/netflix/netflix-commons/netflix-commons-util/0.1.1/netflix-commons-util-0.1.1.jar:/home/jasmina/.m2/repository/com/netflix/ribbon/ribbon-loadbalancer/2.2.4/ribbon-loadbalancer-2.2.4.jar:/home/jasmina/.m2/repository/com/netflix/netflix-commons/netflix-statistics/0.1.1/netflix-statistics-0.1.1.jar:/home/jasmina/.m2/repository/io/reactivex/rxjava/1.3.6/rxjava-1.3.6.jar:/home/jasmina/.m2/repository/com/netflix/ribbon/ribbon-eureka/2.2.4/ribbon-eureka-2.2.4.jar:/home/jasmina/.m2/repository/com/thoughtworks/xstream/xstream/1.4.9/xstream-1.4.9.jar:/home/jasmina/.m2/repository/xmlpull/xmlpull/1.1.3.1/xmlpull-1.1.3.1.jar:/home/jasmina/.m2/repository/xpp3/xpp3_min/1.1.4c/xpp3_min-1.1.4c.jar:/home/jasmina/.m2/repository/org/springframework/cloud/spring-cloud-starter-netflix-eureka-server/2.0.0.M7/spring-cloud-starter-netflix-eureka-server-2.0.0.M7.jar:/home/jasmina/.m2/repository/org/springframework/cloud/spring-cloud-netflix-eureka-server/2.0.0.M7/spring-cloud-netflix-eureka-server-2.0.0.M7.jar:/home/jasmina/.m2/repository/org/springframework/boot/spring-boot-starter-actuator/2.0.0.RELEASE/spring-boot-starter-actuator-2.0.0.RELEASE.jar:/home/jasmina/.m2/repository/org/springframework/boot/spring-boot-actuator-autoconfigure/2.0.0.RELEASE/spring-boot-actuator-autoconfigure-2.0.0.RELEASE.jar:/home/jasmina/.m2/repository/org/springframework/boot/spring-boot-actuator/2.0.0.RELEASE/spring-boot-actuator-2.0.0.RELEASE.jar:/home/jasmina/.m2/repository/io/micrometer/micrometer-core/1.0.1/micrometer-core-1.0.1.jar:/home/jasmina/.m2/repository/org/latencyutils/LatencyUtils/2.0.3/LatencyUtils-2.0.3.jar:/home/jasmina/.m2/repository/org/springframework/boot/spring-boot-starter-freemarker/2.0.0.RELEASE/spring-boot-starter-freemarker-2.0.0.RELEASE.jar:/home/jasmina/.m2/repository/org/freemarker/freemarker/2.3.27-incubating/freemarker-2.3.27-incubating.jar:/home/jasmina/.m2/repository/org/springframework/spring-context-support/5.0.4.RELEASE/spring-context-support-5.0.4.RELEASE.jar:/home/jasmina/.m2/repository/com/sun/jersey/jersey-servlet/1.19.1/jersey-servlet-1.19.1.jar:/home/jasmina/.m2/repository/com/sun/jersey/jersey-server/1.19.1/jersey-server-1.19.1.jar:/home/jasmina/.m2/repository/javax/inject/javax.inject/1/javax.inject-1.jar:/home/jasmina/.m2/repository/com/fasterxml/jackson/dataformat/jackson-dataformat-xml/2.9.3/jackson-dataformat-xml-2.9.3.jar:/home/jasmina/.m2/repository/com/fasterxml/jackson/module/jackson-module-jaxb-annotations/2.9.3/jackson-module-jaxb-annotations-2.9.3.jar:/home/jasmina/.m2/repository/com/fasterxml/woodstox/woodstox-core/5.0.3/woodstox-core-5.0.3.jar:/home/jasmina/.m2/repository/org/postgresql/postgresql/42.2.1/postgresql-42.2.1.jar:/home/jasmina/.m2/repository/org/springframework/boot/spring-boot-starter-test/2.0.0.RELEASE/spring-boot-starter-test-2.0.0.RELEASE.jar:/home/jasmina/.m2/repository/org/springframework/boot/spring-boot-test/2.0.0.RELEASE/spring-boot-test-2.0.0.RELEASE.jar:/home/jasmina/.m2/repository/org/springframework/boot/spring-boot-test-autoconfigure/2.0.0.RELEASE/spring-boot-test-autoconfigure-2.0.0.RELEASE.jar:/home/jasmina/.m2/repository/com/jayway/jsonpath/json-path/2.4.0/json-path-2.4.0.jar:/home/jasmina/.m2/repository/net/minidev/json-smart/2.3/json-smart-2.3.jar:/home/jasmina/.m2/repository/net/minidev/accessors-smart/1.2/accessors-smart-1.2.jar:/home/jasmina/.m2/repository/org/ow2/asm/asm/5.0.4/asm-5.0.4.jar:/home/jasmina/.m2/repository/junit/junit/4.12/junit-4.12.jar:/home/jasmina/.m2/repository/org/assertj/assertj-core/3.9.1/assertj-core-3.9.1.jar:/home/jasmina/.m2/repository/org/mockito/mockito-core/2.15.0/mockito-core-2.15.0.jar:/home/jasmina/.m2/repository/net/bytebuddy/byte-buddy/1.7.10/byte-buddy-1.7.10.jar:/home/jasmina/.m2/repository/net/bytebuddy/byte-buddy-agent/1.7.10/byte-buddy-agent-1.7.10.jar:/home/jasmina/.m2/repository/org/objenesis/objenesis/2.6/objenesis-2.6.jar:/home/jasmina/.m2/repository/org/hamcrest/hamcrest-core/1.3/hamcrest-core-1.3.jar:/home/jasmina/.m2/repository/org/hamcrest/hamcrest-library/1.3/hamcrest-library-1.3.jar:/home/jasmina/.m2/repository/org/skyscreamer/jsonassert/1.5.0/jsonassert-1.5.0.jar:/home/jasmina/.m2/repository/com/vaadin/external/google/android-json/0.0.20131108.vaadin1/android-json-0.0.20131108.vaadin1.jar:/home/jasmina/.m2/repository/org/springframework/spring-core/5.0.4.RELEASE/spring-core-5.0.4.RELEASE.jar:/home/jasmina/.m2/repository/org/springframework/spring-jcl/5.0.4.RELEASE/sprin
[...]
	at org.springframework.test.context.junit4.SpringJUnit4ClassRunner.runChild(SpringJUnit4ClassRunner.java:97) [spring-test-5.0.4.RELEASE.jar:5.0.4.RELEASE]
	at org.junit.runners.ParentRunner$3.run(ParentRunner.java:290) [junit-4.12.jar:4.12]
	at org.junit.runners.ParentRunner$1.schedule(ParentRunner.java:71) [junit-4.12.jar:4.12]
	at org.junit.runners.ParentRunner.runChildren(ParentRunner.java:288) [junit-4.12.jar:4.12]
	at org.junit.runners.ParentRunner.access$000(ParentRunner.java:58) [junit-4.12.jar:4.12]
	at org.junit.runners.ParentRunner$2.evaluate(ParentRunner.java:268) [junit-4.12.jar:4.12]
	at org.springframework.test.context.junit4.statements.RunBeforeTestClassCallbacks.evaluate(RunBeforeTestClassCallbacks.java:61) [spring-test-5.0.4.RELEASE.jar:5.0.4.RELEASE]
	at org.springframework.test.context.junit4.statements.RunAfterTestClassCallbacks.evaluate(RunAfterTestClassCallbacks.java:70) [spring-test-5.0.4.RELEASE.jar:5.0.4.RELEASE]
	at org.junit.runners.ParentRunner.run(ParentRunner.java:363) [junit-4.12.jar:4.12]
	at org.springframework.test.context.junit4.SpringJUnit4ClassRunner.run(SpringJUnit4ClassRunner.java:190) [spring-test-5.0.4.RELEASE.jar:5.0.4.RELEASE]
	at org.apache.maven.surefire.junit4.JUnit4Provider.execute(JUnit4Provider.java:369) [surefire-junit4-2.20.1.jar:2.20.1]
	at org.apache.maven.surefire.junit4.JUnit4Provider.executeWithRerun(JUnit4Provider.java:275) [surefire-junit4-2.20.1.jar:2.20.1]
	at org.apache.maven.surefire.junit4.JUnit4Provider.executeTestSet(JUnit4Provider.java:239) [surefire-junit4-2.20.1.jar:2.20.1]
	at org.apache.maven.surefire.junit4.JUnit4Provider.invoke(JUnit4Provider.java:160) [surefire-junit4-2.20.1.jar:2.20.1]
	at org.apache.maven.surefire.booter.ForkedBooter.invokeProviderInSameClassLoader(ForkedBooter.java:373) [surefire-booter-2.20.1.jar:2.20.1]
	at org.apache.maven.surefire.booter.ForkedBooter.runSuitesInProcess(ForkedBooter.java:334) [surefire-booter-2.20.1.jar:2.20.1]
	at org.apache.maven.surefire.booter.ForkedBooter.execute(ForkedBooter.java:119) [surefire-booter-2.20.1.jar:2.20.1]
	at org.apache.maven.surefire.booter.ForkedBooter.main(ForkedBooter.java:407) [surefire-booter-2.20.1.jar:2.20.1]
Caused by: org.springframework.beans.factory.UnsatisfiedDependencyException: Error creating bean with name 'entityManagerFactory' defined in class path resource [org/springframework/boot/autoconfigure/orm/jpa/HibernateJpaConfiguration.class]: Unsatisfied dependency expressed through method 'entityManagerFactory' parameter 0; nested exception is org.springframework.beans.factory.UnsatisfiedDependencyException: Error creating bean with name 'entityManagerFactoryBuilder' defined in class path resource [org/springframework/boot/autoconfigure/orm/jpa/HibernateJpaConfiguration.class]: Unsatisfied dependency expressed through method 'entityManagerFactoryBuilder' parameter 0; nested exception is org.springframework.beans.factory.BeanCreationException: Error creating bean with name 'jpaVendorAdapter' defined in class path resource [org/springframework/boot/autoconfigure/orm/jpa/HibernateJpaConfiguration.class]: Bean instantiation via factory method failed; nested exception is org.springframework.beans.BeanInstantiationException: Failed to instantiate [org.springframework.orm.jpa.JpaVendorAdapter]: Factory method 'jpaVendorAdapter' threw exception; nested exception is java.lang.reflect.UndeclaredThrowableException
	at org.springframework.beans.factory.support.ConstructorResolver.createArgumentArray(ConstructorResolver.java:729) ~[spring-beans-5.0.4.RELEASE.jar:5.0.4.RELEASE]
	at org.springframework.beans.factory.support.ConstructorResolver.instantiateUsingFactoryMethod(ConstructorResolver.java:470) ~[spring-beans-5.0.4.RELEASE.jar:5.0.4.RELEASE]
	at org.springframework.beans.factory.support.AbstractAutowireCapableBeanFactory.instantiateUsingFactoryMethod(AbstractAutowireCapableBeanFactory.java:1250) ~[spring-beans-5.0.4.RELEASE.jar:5.0.4.RELEASE]
	at org.springframework.beans.factory.support.AbstractAutowireCapableBeanFactory.createBeanInstance(AbstractAutowireCapableBeanFactory.java:1099) ~[spring-beans-5.0.4.RELEASE.jar:5.0.4.RELEASE]
	at org.springframework.beans.factory.support.AbstractAutowireCapableBeanFactory.doCreateBean(AbstractAutowireCapableBeanFactory.java:545) ~[spring-beans-5.0.4.RELEASE.jar:5.0.4.RELEASE]
	at org.springframework.beans.factory.support.AbstractAutowireCapableBeanFactory.createBean(AbstractAutowireCapableBeanFactory.java:502) ~[spring-beans-5.0.4.RELEASE.jar:5.0.4.RELEASE]
	at org.springframework.beans.factory.support.AbstractBeanFactory.lambda$doGetBean$0(AbstractBeanFactory.java:312) ~[spring-beans-5.0.4.RELEASE.jar:5.0.4.RELEASE]
	at org.springframework.beans.factory.support.DefaultSingletonBeanRegistry.getSingleton(DefaultSingletonBeanRegistry.java:228) ~[spring-beans-5.0.4.RELEASE.jar:5.0.4.RELEASE]
	at org.springframework.beans.factory.support.AbstractBeanFactory.doGetBean(AbstractBeanFactory.java:310) ~[spring-beans-5.0.4.RELEASE.jar:5.0.4.RELEASE]
	at org.springframework.beans.factory.support.AbstractBeanFactory.getBean(AbstractBeanFactory.java:200) ~[spring-beans-5.0.4.RELEASE.jar:5.0.4.RELEASE]
	at org.springframework.context.support.AbstractApplicationContext.getBean(AbstractApplicationContext.java:1085) ~[spring-context-5.0.4.RELEASE.jar:5.0.4.RELEASE]
	at org.springframework.context.support.AbstractApplicationContext.finishBeanFactoryInitialization(AbstractApplicationContext.java:858) ~[spring-context-5.0.4.RELEASE.jar:5.0.4.RELEASE]
	at org.springframework.context.support.AbstractApplicationContext.refresh(AbstractApplicationContext.java:549) ~[spring-context-5.0.4.RELEASE.jar:5.0.4.RELEASE]
	at org.springframework.boot.SpringApplication.refresh(SpringApplication.java:752) ~[spring-boot-2.0.0.RELEASE.jar:2.0.0.RELEASE]
	at org.springframework.boot.SpringApplication.refreshContext(SpringApplication.java:388) ~[spring-boot-2.0.0.RELEASE.jar:2.0.0.RELEASE]
	at org.springframework.boot.SpringApplication.run(SpringApplication.java:327) ~[spring-boot-2.0.0.RELEASE.jar:2.0.0.RELEASE]
	at org.springframework.boot.test.context.SpringBootContextLoader.loadContext(SpringBootContextLoader.java:138) ~[spring-boot-test-2.0.0.RELEASE.jar:2.0.0.RELEASE]
	at org.springframework.test.context.cache.DefaultCacheAwareContextLoaderDelegate.loadContextInternal(DefaultCacheAwareContextLoaderDelegate.java:99) ~[spring-test-5.0.4.RELEASE.jar:5.0.4.RELEASE]
	at org.springframework.test.context.cache.DefaultCacheAwareContextLoaderDelegate.loadContext(DefaultCacheAwareContextLoaderDelegate.java:117) ~[spring-test-5.0.4.RELEASE.jar:5.0.4.RELEASE]
	... 27 common frames omitted
Caused by: org.springframework.beans.factory.UnsatisfiedDependencyException: Error creating bean with name 'entityManagerFactoryBuilder' defined in class path resource [org/springframework/boot/autoconfigure/orm/jpa/HibernateJpaConfiguration.class]: Unsatisfied dependency expressed through method 'entityManagerFactoryBuilder' parameter 0; nested exception is org.springframework.beans.factory.BeanCreationException: Error creating bean with name 'jpaVendorAdapter' defined in class path resource [org/springframework/boot/autoconfigure/orm/jpa/HibernateJpaConfiguration.class]: Bean instantiation via factory method failed; nested exception is org.springframework.beans.BeanInstantiationException: Failed to instantiate [org.springframework.orm.jpa.JpaVendorAdapter]: Factory method 'jpaVendorAdapter' threw exception; nested exception is java.lang.reflect.UndeclaredThrowableException
	at org.springframework.beans.factory.support.ConstructorResolver.createArgumentArray(ConstructorResolver.java:729) ~[spring-beans-5.0.4.RELEASE.jar:5.0.4.RELEASE]
	at org.springframework.beans.factory.support.ConstructorResolver.instantiateUsingFactoryMethod(ConstructorResolver.java:470) ~[spring-beans-5.0.4.RELEASE.jar:5.0.4.RELEASE]
	at org.springframework.beans.factory.support.AbstractAutowireCapableBeanFactory.instantiateUsingFactoryMethod(AbstractAutowireCapableBeanFactory.java:1250) ~[spring-beans-5.0.4.RELEASE.jar:5.0.4.RELEASE]
	at org.springframework.beans.factory.support.AbstractAutowireCapableBeanFactory.createBeanInstance(AbstractAutowireCapableBeanFactory.java:1099) ~[spring-beans-5.0.4.RELEASE.jar:5.0.4.RELEASE]
	at org.springframework.beans.factory.support.AbstractAutowireCapableBeanFactory.doCreateBean(AbstractAutowireCapableBeanFactory.java:545) ~[spring-beans-5.0.4.RELEASE.jar:5.0.4.RELEASE]
	at org.springframework.beans.factory.support.AbstractAutowireCapableBeanFactory.createBean(AbstractAutowireCapableBeanFactory.java:502) ~[spring-beans-5.0.4.RELEASE.jar:5.0.4.RELEASE]
	at org.springframework.beans.factory.support.AbstractBeanFactory.lambda$doGetBean$0(AbstractBeanFactory.java:312) ~[spring-beans-5.0.4.RELEASE.jar:5.0.4.RELEASE]
	at org.springframework.beans.factory.support.DefaultSingletonBeanRegistry.getSingleton(DefaultSingletonBeanRegistry.java:228) ~[spring-beans-5.0.4.RELEASE.jar:5.0.4.RELEASE]
	at org.springframework.beans.factory.support.AbstractBeanFactory.doGetBean(AbstractBeanFactory.java:310) ~[spring-beans-5.0.4.RELEASE.jar:5.0.4.RELEASE]
	at org.springframework.beans.factory.support.AbstractBeanFactory.getBean(AbstractBeanFactory.java:200) ~[spring-beans-5.0.4.RELEASE.jar:5.0.4.RELEASE]
	at org.springframework.beans.factory.config.DependencyDescriptor.resolveCandidate(DependencyDescriptor.java:251) ~[spring-beans-5.0.4.RELEASE.jar:5.0.4.RELEASE]
	at org.springframework.beans.factory.support.DefaultListableBeanFactory.doResolveDependency(DefaultListableBeanFactory.java:1138) ~[spring-beans-5.0.4.RELEASE.jar:5.0.4.RELEASE]
	at org.springframework.beans.factory.support.DefaultListableBeanFactory.resolveDependency(DefaultListableBeanFactory.java:1065) ~[spring-beans-5.0.4.RELEASE.jar:5.0.4.RELEASE]
	at org.springframework.beans.factory.support.ConstructorResolver.resolveAutowiredArgument(ConstructorResolver.java:815) ~[spring-beans-5.0.4.RELEASE.jar:5.0.4.RELEASE]
	at org.springframework.beans.factory.support.ConstructorResolver.createArgumentArray(ConstructorResolver.java:721) ~[spring-beans-5.0.4.RELEASE.jar:5.0.4.RELEASE]
	... 45 common frames omitted
Caused by: org.springframework.beans.factory.BeanCreationException: Error creating bean with name 'jpaVendorAdapter' defined in class path resource [org/springframework/boot/autoconfigure/orm/jpa/HibernateJpaConfiguration.class]: Bean instantiation via factory method failed; nested exception is org.springframework.beans.BeanInstantiationException: Failed to instantiate [org.springframework.orm.jpa.JpaVendorAdapter]: Factory method 'jpaVendorAdapter' threw exception; nested exception is java.lang.reflect.UndeclaredThrowableException
	at org.springframework.beans.factory.support.ConstructorResolver.instantiateUsingFactoryMethod(ConstructorResolver.java:587) ~[spring-beans-5.0.4.RELEASE.jar:5.0.4.RELEASE]
	at org.springframework.beans.factory.support.AbstractAutowireCapableBeanFactory.instantiateUsingFactoryMethod(AbstractAutowireCapableBeanFactory.java:1250) ~[spring-beans-5.0.4.RELEASE.jar:5.0.4.RELEASE]
	at org.springframework.beans.factory.support.AbstractAutowireCapableBeanFactory.createBeanInstance(AbstractAutowireCapableBeanFactory.java:1099) ~[spring-beans-5.0.4.RELEASE.jar:5.0.4.RELEASE]
	at org.springframework.beans.factory.support.AbstractAutowireCapableBeanFactory.doCreateBean(AbstractAutowireCapableBeanFactory.java:545) ~[spring-beans-5.0.4.RELEASE.jar:5.0.4.RELEASE]
	at org.springframework.beans.factory.support.AbstractAutowireCapableBeanFactory.createBean(AbstractAutowireCapableBeanFactory.java:502) ~[spring-beans-5.0.4.RELEASE.jar:5.0.4.RELEASE]
	at org.springframework.beans.factory.support.AbstractBeanFactory.lambda$doGetBean$0(AbstractBeanFactory.java:312) ~[spring-beans-5.0.4.RELEASE.jar:5.0.4.RELEASE]
	at org.springframework.beans.factory.support.DefaultSingletonBeanRegistry.getSingleton(DefaultSingletonBeanRegistry.java:228) ~[spring-beans-5.0.4.RELEASE.jar:5.0.4.RELEASE]
	at org.springframework.beans.factory.support.AbstractBeanFactory.doGetBean(AbstractBeanFactory.java:310) ~[spring-beans-5.0.4.RELEASE.jar:5.0.4.RELEASE]
	at org.springframework.beans.factory.support.AbstractBeanFactory.getBean(AbstractBeanFactory.java:200) ~[spring-beans-5.0.4.RELEASE.jar:5.0.4.RELEASE]
	at org.springframework.beans.factory.config.DependencyDescriptor.resolveCandidate(DependencyDescriptor.java:251) ~[spring-beans-5.0.4.RELEASE.jar:5.0.4.RELEASE]
	at org.springframework.beans.factory.support.DefaultListableBeanFactory.doResolveDependency(DefaultListableBeanFactory.java:1138) ~[spring-beans-5.0.4.RELEASE.jar:5.0.4.RELEASE]
	at org.springframework.beans.factory.support.DefaultListableBeanFactory.resolveDependency(DefaultListableBeanFactory.java:1065) ~[spring-beans-5.0.4.RELEASE.jar:5.0.4.RELEASE]
	at org.springframework.beans.factory.support.ConstructorResolver.resolveAutowiredArgument(ConstructorResolver.java:815) ~[spring-beans-5.0.4.RELEASE.jar:5.0.4.RELEASE]
	at org.springframework.beans.factory.support.ConstructorResolver.createArgumentArray(ConstructorResolver.java:721) ~[spring-beans-5.0.4.RELEASE.jar:5.0.4.RELEASE]
	... 59 common frames omitted
Caused by: org.springframework.beans.BeanInstantiationException: Failed to instantiate [org.springframework.orm.jpa.JpaVendorAdapter]: Factory method 'jpaVendorAdapter' threw exception; nested exception is java.lang.reflect.UndeclaredThrowableException
	at org.springframework.beans.factory.support.SimpleInstantiationStrategy.instantiate(SimpleInstantiationStrategy.java:185) ~[spring-beans-5.0.4.RELEASE.jar:5.0.4.RELEASE]
	at org.springframework.beans.factory.support.ConstructorResolver.instantiateUsingFactoryMethod(ConstructorResolver.java:579) ~[spring-beans-5.0.4.RELEASE.jar:5.0.4.RELEASE]
	... 72 common frames omitted
Caused by: java.lang.reflect.UndeclaredThrowableException: null
	at org.springframework.util.ReflectionUtils.rethrowRuntimeException(ReflectionUtils.java:327) ~[spring-core-5.0.4.RELEASE.jar:5.0.4.RELEASE]
	at org.springframework.util.ReflectionUtils.handleInvocationTargetException(ReflectionUtils.java:306) ~[spring-core-5.0.4.RELEASE.jar:5.0.4.RELEASE]
	at org.springframework.util.ReflectionUtils.handleReflectionException(ReflectionUtils.java:290) ~[spring-core-5.0.4.RELEASE.jar:5.0.4.RELEASE]
	at org.springframework.util.ReflectionUtils.invokeMethod(ReflectionUtils.java:226) ~[spring-core-5.0.4.RELEASE.jar:5.0.4.RELEASE]
	at org.springframework.cloud.context.scope.GenericScope$LockedScopedProxyFactoryBean.invoke(GenericScope.java:475) ~[spring-cloud-context-2.0.0.M8.jar:2.0.0.M8]
	at org.springframework.aop.framework.ReflectiveMethodInvocation.proceed(ReflectiveMethodInvocation.java:185) ~[spring-aop-5.0.4.RELEASE.jar:5.0.4.RELEASE]
	at org.springframework.aop.framework.CglibAopProxy$DynamicAdvisedInterceptor.intercept(CglibAopProxy.java:689) ~[spring-aop-5.0.4.RELEASE.jar:5.0.4.RELEASE]
	at com.zaxxer.hikari.HikariDataSource$$EnhancerBySpringCGLIB$$89a0315d.getConnection(<generated>) ~[HikariCP-2.7.8.jar:na]
	at org.springframework.jdbc.datasource.DataSourceUtils.fetchConnection(DataSourceUtils.java:151) ~[spring-jdbc-5.0.4.RELEASE.jar:5.0.4.RELEASE]
	at org.springframework.jdbc.datasource.DataSourceUtils.doGetConnection(DataSourceUtils.java:115) ~[spring-jdbc-5.0.4.RELEASE.jar:5.0.4.RELEASE]
	at org.springframework.jdbc.datasource.DataSourceUtils.getConnection(DataSourceUtils.java:78) ~[spring-jdbc-5.0.4.RELEASE.jar:5.0.4.RELEASE]
	at org.springframework.jdbc.support.JdbcUtils.extractDatabaseMetaData(JdbcUtils.java:318) ~[spring-jdbc-5.0.4.RELEASE.jar:5.0.4.RELEASE]
	at org.springframework.jdbc.support.JdbcUtils.extractDatabaseMetaData(JdbcUtils.java:355) ~[spring-jdbc-5.0.4.RELEASE.jar:5.0.4.RELEASE]
	at org.springframework.boot.autoconfigure.orm.jpa.DatabaseLookup.getDatabase(DatabaseLookup.java:72) ~[spring-boot-autoconfigure-2.0.0.RELEASE.jar:2.0.0.RELEASE]
	at org.springframework.boot.autoconfigure.orm.jpa.JpaProperties.determineDatabase(JpaProperties.java:168) ~[spring-boot-autoconfigure-2.0.0.RELEASE.jar:2.0.0.RELEASE]
	at org.springframework.boot.autoconfigure.orm.jpa.JpaBaseConfiguration.jpaVendorAdapter(JpaBaseConfiguration.java:111) ~[spring-boot-autoconfigure-2.0.0.RELEASE.jar:2.0.0.RELEASE]
	at org.springframework.boot.autoconfigure.orm.jpa.HibernateJpaConfiguration$$EnhancerBySpringCGLIB$$27cbf921.CGLIB$jpaVendorAdapter$3(<generated>) ~[spring-boot-autoconfigure-2.0.0.RELEASE.jar:2.0.0.RELEASE]
	at org.springframework.boot.autoconfigure.orm.jpa.HibernateJpaConfiguration$$EnhancerBySpringCGLIB$$27cbf921$$FastClassBySpringCGLIB$$d4549325.invoke(<generated>) ~[spring-boot-autoconfigure-2.0.0.RELEASE.jar:2.0.0.RELEASE]
	at org.springframework.cglib.proxy.MethodProxy.invokeSuper(MethodProxy.java:228) ~[spring-core-5.0.4.RELEASE.jar:5.0.4.RELEASE]
	at org.springframework.context.annotation.ConfigurationClassEnhancer$BeanMethodInterceptor.intercept(ConfigurationClassEnhancer.java:361) ~[spring-context-5.0.4.RELEASE.jar:5.0.4.RELEASE]
	at org.springframework.boot.autoconfigure.orm.jpa.HibernateJpaConfiguration$$EnhancerBySpringCGLIB$$27cbf921.jpaVendorAdapter(<generated>) ~[spring-boot-autoconfigure-2.0.0.RELEASE.jar:2.0.0.RELEASE]
	at sun.reflect.NativeMethodAccessorImpl.invoke0(Native Method) ~[na:1.8.0_162]
	at sun.reflect.NativeMethodAccessorImpl.invoke(NativeMethodAccessorImpl.java:62) ~[na:1.8.0_162]
	at sun.reflect.DelegatingMethodAccessorImpl.invoke(DelegatingMethodAccessorImpl.java:43) ~[na:1.8.0_162]
	at java.lang.reflect.Method.invoke(Method.java:498) ~[na:1.8.0_162]
	at org.springframework.beans.factory.support.SimpleInstantiationStrategy.instantiate(SimpleInstantiationStrategy.java:154) ~[spring-beans-5.0.4.RELEASE.jar:5.0.4.RELEASE]
	... 73 common frames omitted
Caused by: org.postgresql.util.PSQLException: FATAL: password authentication failed for user "postgres"
	at org.postgresql.core.v3.ConnectionFactoryImpl.doAuthentication(ConnectionFactoryImpl.java:475) ~[postgresql-42.2.1.jar:42.2.1]
	at org.postgresql.core.v3.ConnectionFactoryImpl.openConnectionImpl(ConnectionFactoryImpl.java:207) ~[postgresql-42.2.1.jar:42.2.1]
	at org.postgresql.core.ConnectionFactory.openConnection(ConnectionFactory.java:49) ~[postgresql-42.2.1.jar:42.2.1]
	at org.postgresql.jdbc.PgConnection.<init>(PgConnection.java:195) ~[postgresql-42.2.1.jar:42.2.1]
	at org.postgresql.Driver.makeConnection(Driver.java:452) ~[postgresql-42.2.1.jar:42.2.1]
	at org.postgresql.Driver.connect(Driver.java:254) ~[postgresql-42.2.1.jar:42.2.1]
	at com.zaxxer.hikari.util.DriverDataSource.getConnection(DriverDataSource.java:117) ~[HikariCP-2.7.8.jar:na]
	at com.zaxxer.hikari.util.DriverDataSource.getConnection(DriverDataSource.java:123) ~[HikariCP-2.7.8.jar:na]
	at com.zaxxer.hikari.pool.PoolBase.newConnection(PoolBase.java:365) ~[HikariCP-2.7.8.jar:na]
	at com.zaxxer.hikari.pool.PoolBase.newPoolEntry(PoolBase.java:194) ~[HikariCP-2.7.8.jar:na]
	at com.zaxxer.hikari.pool.HikariPool.createPoolEntry(HikariPool.java:460) ~[HikariCP-2.7.8.jar:na]
	at com.zaxxer.hikari.pool.HikariPool.checkFailFast(HikariPool.java:534) ~[HikariCP-2.7.8.jar:na]
	at com.zaxxer.hikari.pool.HikariPool.<init>(HikariPool.java:115) ~[HikariCP-2.7.8.jar:na]
	at com.zaxxer.hikari.HikariDataSource.getConnection(HikariDataSource.java:112) ~[HikariCP-2.7.8.jar:na]
	at sun.reflect.NativeMethodAccessorImpl.invoke0(Native Method) ~[na:1.8.0_162]
	at sun.reflect.NativeMethodAccessorImpl.invoke(NativeMethodAccessorImpl.java:62) ~[na:1.8.0_162]
	at sun.reflect.DelegatingMethodAccessorImpl.invoke(DelegatingMethodAccessorImpl.java:43) ~[na:1.8.0_162]
	at java.lang.reflect.Method.invoke(Method.java:498) ~[na:1.8.0_162]
	at org.springframework.util.ReflectionUtils.invokeMethod(ReflectionUtils.java:223) ~[spring-core-5.0.4.RELEASE.jar:5.0.4.RELEASE]
	... 95 common frames omitted

]]></system-out>
  </testcase>
</testsuite>